#
# There is insufficient memory for the Java Runtime Environment to continue.
# Native memory allocation (malloc) failed to allocate 764976 bytes for Chunk::new
# Possible reasons:
#   The system is out of physical RAM or swap space
#   The process is running with CompressedOops enabled, and the Java Heap may be blocking the growth of the native heap
# Possible solutions:
#   Reduce memory load on the system
#   Increase physical memory or swap space
#   Check if swap backing store is full
#   Decrease Java heap size (-Xmx/-Xms)
#   Decrease number of Java threads
#   Decrease Java thread stack sizes (-Xss)
#   Set larger code cache with -XX:ReservedCodeCacheSize=
#   JVM is running with Unscaled Compressed Oops mode in which the Java heap is
#     placed in the first 4GB address space. The Java Heap base address is the
#     maximum limit for the native heap growth. Please use -XX:HeapBaseMinAddress
#     to set the Java Heap base and to place the Java Heap above 4GB virtual address.
# This output file may be truncated or incomplete.
#
#  Out of Memory Error (allocation.cpp:389), pid=9572, tid=0x00000000000043e0
#
# JRE version: OpenJDK Runtime Environment (8.0_242-b01) (build 1.8.0_242-release-1644-b01)
# Java VM: OpenJDK 64-Bit Server VM (25.242-b01 mixed mode windows-amd64 compressed oops)
# Failed to write core dump. Minidumps are not enabled by default on client versions of Windows
#

---------------  T H R E A D  ---------------

Current thread (0x00000000177fb000):  JavaThread "C2 CompilerThread1" daemon [_thread_in_native, id=17376, stack(0x0000000018f40000,0x0000000019040000)]

Stack: [0x0000000018f40000,0x0000000019040000]
[error occurred during error reporting (printing stack bounds), id 0xc0000005]

Native frames: (J=compiled Java code, j=interpreted, Vv=VM code, C=native code)


Current CompileTask:
C2:26229434 31395       4       com.android.tools.r8.graph.K::a (1030 bytes)


---------------  P R O C E S S  ---------------

Java Threads: ( => current thread )
  0x000000001a484800 JavaThread "WorkerExecutor Queue Thread 3" [_thread_blocked, id=11160, stack(0x0000000030b30000,0x0000000030c30000)]
  0x000000001a485000 JavaThread "WorkerExecutor Queue Thread 2" [_thread_blocked, id=15928, stack(0x0000000030a30000,0x0000000030b30000)]
  0x000000001a48b800 JavaThread "WorkerExecutor Queue" [_thread_in_native, id=16972, stack(0x0000000030930000,0x0000000030a30000)]
  0x000000001a483800 JavaThread "ForkJoinPool.commonPool-worker-2" daemon [_thread_blocked, id=16836, stack(0x0000000030830000,0x0000000030930000)]
  0x000000001a489000 JavaThread "ForkJoinPool.commonPool-worker-1" daemon [_thread_blocked, id=16732, stack(0x0000000030730000,0x0000000030830000)]
  0x000000001a481800 JavaThread "ForkJoinPool.commonPool-worker-0" daemon [_thread_blocked, id=8728, stack(0x0000000030630000,0x0000000030730000)]
  0x000000001a488800 JavaThread "Cache worker for Java compile cache (C:\Users\tzeyi\AndroidStudioProjects\RunningTracker\.gradle\6.5\javaCompile)" [_thread_blocked, id=4536, stack(0x000000002ee90000,0x000000002ef90000)]
  0x000000001a480800 JavaThread "Cache worker for execution history cache (C:\Users\tzeyi\AndroidStudioProjects\RunningTracker\.gradle\6.5\executionHistory)" [_thread_blocked, id=14888, stack(0x000000002dbb0000,0x000000002dcb0000)]
  0x000000001a486000 JavaThread "Execution worker for ':' Thread 3" [_thread_blocked, id=18388, stack(0x000000002d0b0000,0x000000002d1b0000)]
  0x000000001a487800 JavaThread "Execution worker for ':' Thread 2" [_thread_blocked, id=7536, stack(0x000000002cbb0000,0x000000002ccb0000)]
  0x000000001a486800 JavaThread "Execution worker for ':'" [_thread_blocked, id=6264, stack(0x000000002c4b0000,0x000000002c5b0000)]
  0x000000001a482000 JavaThread "Cache worker for file content cache (C:\Users\tzeyi\AndroidStudioProjects\RunningTracker\.gradle\6.5\fileContent)" [_thread_blocked, id=16804, stack(0x000000002bbb0000,0x000000002bcb0000)]
  0x000000001a47f000 JavaThread "Cache worker for Build Output Cleanup Cache (C:\Users\tzeyi\AndroidStudioProjects\RunningTracker\.gradle\buildOutputCleanup)" [_thread_blocked, id=15832, stack(0x000000002b7b0000,0x000000002b8b0000)]
  0x000000001a4b8800 JavaThread "jar transforms Thread 3496" [_thread_blocked, id=17672, stack(0x000000002b6b0000,0x000000002b7b0000)]
  0x000000001a4b7800 JavaThread "jar transforms Thread 3495" [_thread_blocked, id=16748, stack(0x000000002b3b0000,0x000000002b4b0000)]
  0x000000001a4b5800 JavaThread "jar transforms Thread 3494" [_thread_blocked, id=12324, stack(0x000000002aeb0000,0x000000002afb0000)]
  0x000000001a4b4800 JavaThread "jar transforms Thread 3493" [_thread_blocked, id=9412, stack(0x000000002adb0000,0x000000002aeb0000)]
  0x000000001a4bb800 JavaThread "jar transforms Thread 3492" [_thread_blocked, id=14072, stack(0x0000000028070000,0x0000000028170000)]
  0x000000001a4b7000 JavaThread "jar transforms Thread 3491" [_thread_blocked, id=9768, stack(0x0000000027f70000,0x0000000028070000)]
  0x000000001a4b6000 JavaThread "jar transforms Thread 3490" [_thread_blocked, id=16864, stack(0x0000000027e70000,0x0000000027f70000)]
  0x000000001a4ba800 JavaThread "jar transforms Thread 3489" [_thread_blocked, id=308, stack(0x0000000027d70000,0x0000000027e70000)]
  0x000000001a4ba000 JavaThread "jar transforms Thread 3488" [_thread_blocked, id=16672, stack(0x0000000027c70000,0x0000000027d70000)]
  0x000000001a4b9000 JavaThread "jar transforms Thread 3487" [_thread_blocked, id=3708, stack(0x0000000027b70000,0x0000000027c70000)]
  0x000000001a4ad000 JavaThread "jar transforms Thread 3486" [_thread_blocked, id=17316, stack(0x0000000027a70000,0x0000000027b70000)]
  0x000000001a4b4000 JavaThread "jar transforms Thread 3485" [_thread_blocked, id=8520, stack(0x0000000027970000,0x0000000027a70000)]
  0x000000001a4ad800 JavaThread "jar transforms Thread 3484" [_thread_blocked, id=8476, stack(0x0000000027870000,0x0000000027970000)]
  0x000000001a4b1800 JavaThread "jar transforms Thread 3483" [_thread_blocked, id=2628, stack(0x0000000027770000,0x0000000027870000)]
  0x000000001a4b3000 JavaThread "jar transforms Thread 3482" [_thread_blocked, id=17172, stack(0x0000000027670000,0x0000000027770000)]
  0x000000001a4ac000 JavaThread "jar transforms Thread 3481" [_thread_blocked, id=14768, stack(0x0000000027570000,0x0000000027670000)]
  0x000000001a4b0000 JavaThread "jar transforms Thread 3480" [_thread_blocked, id=15848, stack(0x0000000027470000,0x0000000027570000)]
  0x000000001a4ae800 JavaThread "jar transforms Thread 3479" [_thread_blocked, id=9356, stack(0x0000000027370000,0x0000000027470000)]
  0x00000000205c1000 JavaThread "jar transforms Thread 3478" [_thread_blocked, id=16744, stack(0x0000000027270000,0x0000000027370000)]
  0x00000000205bf800 JavaThread "jar transforms Thread 3477" [_thread_blocked, id=9220, stack(0x0000000027170000,0x0000000027270000)]
  0x00000000205be800 JavaThread "jar transforms Thread 3476" [_thread_blocked, id=3272, stack(0x0000000027070000,0x0000000027170000)]
  0x00000000205be000 JavaThread "jar transforms Thread 3475" [_thread_blocked, id=3052, stack(0x0000000026f70000,0x0000000027070000)]
  0x00000000205bd000 JavaThread "jar transforms Thread 3474" [_thread_blocked, id=7072, stack(0x0000000026e70000,0x0000000026f70000)]
  0x00000000205bc800 JavaThread "jar transforms Thread 3473" [_thread_blocked, id=17460, stack(0x0000000026d70000,0x0000000026e70000)]
  0x00000000205c0000 JavaThread "jar transforms Thread 3472" [_thread_blocked, id=17964, stack(0x0000000026c70000,0x0000000026d70000)]
  0x00000000205b5000 JavaThread "jar transforms Thread 3471" [_thread_blocked, id=10916, stack(0x0000000026b70000,0x0000000026c70000)]
  0x00000000205bb800 JavaThread "jar transforms Thread 3470" [_thread_blocked, id=17880, stack(0x0000000026a70000,0x0000000026b70000)]
  0x00000000205b4000 JavaThread "jar transforms Thread 3469" [_thread_blocked, id=9100, stack(0x0000000026970000,0x0000000026a70000)]
  0x00000000205bb000 JavaThread "jar transforms Thread 3468" [_thread_blocked, id=7756, stack(0x0000000026870000,0x0000000026970000)]
  0x00000000205ba000 JavaThread "jar transforms Thread 3467" [_thread_blocked, id=16528, stack(0x0000000026770000,0x0000000026870000)]
  0x00000000205b2800 JavaThread "jar transforms Thread 3466" [_thread_blocked, id=14292, stack(0x0000000026670000,0x0000000026770000)]
  0x00000000205b9800 JavaThread "jar transforms Thread 3465" [_thread_blocked, id=17516, stack(0x0000000026570000,0x0000000026670000)]
  0x00000000205b8800 JavaThread "jar transforms Thread 3464" [_thread_blocked, id=2120, stack(0x0000000026470000,0x0000000026570000)]
  0x00000000205b7000 JavaThread "jar transforms Thread 3463" [_thread_blocked, id=5116, stack(0x0000000026370000,0x0000000026470000)]
  0x00000000205b8000 JavaThread "jar transforms Thread 3462" [_thread_blocked, id=16132, stack(0x0000000026270000,0x0000000026370000)]
  0x00000000205b3800 JavaThread "jar transforms Thread 3461" [_thread_blocked, id=12752, stack(0x0000000026170000,0x0000000026270000)]
  0x00000000205b6800 JavaThread "jar transforms Thread 3460" [_thread_blocked, id=14580, stack(0x0000000026070000,0x0000000026170000)]
  0x000000001aa28800 JavaThread "jar transforms Thread 3459" [_thread_blocked, id=15204, stack(0x0000000025f70000,0x0000000026070000)]
  0x000000001aa27800 JavaThread "jar transforms Thread 3458" [_thread_blocked, id=14480, stack(0x0000000025e70000,0x0000000025f70000)]
  0x000000001aa27000 JavaThread "jar transforms Thread 3457" [_thread_blocked, id=7896, stack(0x0000000025d70000,0x0000000025e70000)]
  0x000000001aa29000 JavaThread "jar transforms Thread 3456" [_thread_blocked, id=5984, stack(0x0000000025c70000,0x0000000025d70000)]
  0x000000001aa25800 JavaThread "jar transforms Thread 3455" [_thread_blocked, id=5032, stack(0x0000000025b70000,0x0000000025c70000)]
  0x000000001aa24800 JavaThread "jar transforms Thread 3454" [_thread_blocked, id=18280, stack(0x0000000025a70000,0x0000000025b70000)]
  0x000000001aa26000 JavaThread "jar transforms Thread 3453" [_thread_blocked, id=11732, stack(0x0000000025970000,0x0000000025a70000)]
  0x000000001aa1d000 JavaThread "jar transforms Thread 3452" [_thread_blocked, id=11848, stack(0x0000000025870000,0x0000000025970000)]
  0x000000001aa24000 JavaThread "jar transforms Thread 3451" [_thread_blocked, id=4844, stack(0x0000000025770000,0x0000000025870000)]
  0x000000001aa23000 JavaThread "jar transforms Thread 3450" [_thread_blocked, id=18292, stack(0x0000000025670000,0x0000000025770000)]
  0x000000001aa22800 JavaThread "jar transforms Thread 3449" [_thread_blocked, id=15080, stack(0x0000000025570000,0x0000000025670000)]
  0x000000001aa1b000 JavaThread "jar transforms Thread 3448" [_thread_blocked, id=14884, stack(0x0000000025470000,0x0000000025570000)]
  0x000000001aa1c800 JavaThread "jar transforms Thread 3447" [_thread_blocked, id=13000, stack(0x0000000025370000,0x0000000025470000)]
  0x000000001aa21800 JavaThread "jar transforms Thread 3446" [_thread_blocked, id=17680, stack(0x0000000025270000,0x0000000025370000)]
  0x000000001aa1f800 JavaThread "jar transforms Thread 3445" [_thread_blocked, id=2712, stack(0x0000000025170000,0x0000000025270000)]
  0x000000001aa1a000 JavaThread "jar transforms Thread 3444" [_thread_blocked, id=13988, stack(0x0000000025070000,0x0000000025170000)]
  0x000000001aa1b800 JavaThread "jar transforms Thread 3443" [_thread_blocked, id=5816, stack(0x0000000024f70000,0x0000000025070000)]
  0x000000001aa1e800 JavaThread "jar transforms Thread 3442" [_thread_blocked, id=5884, stack(0x0000000024e70000,0x0000000024f70000)]
  0x000000001aa1e000 JavaThread "jar transforms Thread 3441" [_thread_blocked, id=17196, stack(0x0000000024d70000,0x0000000024e70000)]
  0x000000001b2fd000 JavaThread "jar transforms Thread 3440" [_thread_blocked, id=15312, stack(0x0000000024c70000,0x0000000024d70000)]
  0x000000001b2fc800 JavaThread "jar transforms Thread 3439" [_thread_blocked, id=17492, stack(0x0000000024b70000,0x0000000024c70000)]
  0x000000001b2fb800 JavaThread "jar transforms Thread 3438" [_thread_blocked, id=18048, stack(0x0000000024a70000,0x0000000024b70000)]
  0x000000001b2fb000 JavaThread "jar transforms Thread 3437" [_thread_blocked, id=11556, stack(0x0000000024970000,0x0000000024a70000)]
  0x000000001b2fa000 JavaThread "jar transforms Thread 3436" [_thread_blocked, id=11584, stack(0x0000000024870000,0x0000000024970000)]
  0x000000001b2f9800 JavaThread "jar transforms Thread 3435" [_thread_blocked, id=7076, stack(0x0000000024770000,0x0000000024870000)]
  0x000000001b2f2000 JavaThread "jar transforms Thread 3434" [_thread_blocked, id=11684, stack(0x0000000024670000,0x0000000024770000)]
  0x000000001b2f7000 JavaThread "jar transforms Thread 3433" [_thread_blocked, id=8576, stack(0x0000000024570000,0x0000000024670000)]
  0x000000001b2f6800 JavaThread "jar transforms Thread 3432" [_thread_blocked, id=7460, stack(0x0000000024470000,0x0000000024570000)]
  0x000000001b2f8800 JavaThread "jar transforms Thread 3431" [_thread_blocked, id=1884, stack(0x0000000024370000,0x0000000024470000)]
  0x000000001b2f8000 JavaThread "jar transforms Thread 3430" [_thread_blocked, id=15220, stack(0x0000000024270000,0x0000000024370000)]
  0x000000001b2ef000 JavaThread "jar transforms Thread 3429" [_thread_blocked, id=7256, stack(0x0000000024170000,0x0000000024270000)]
  0x000000001b2f5800 JavaThread "jar transforms Thread 3428" [_thread_blocked, id=17164, stack(0x0000000024070000,0x0000000024170000)]
  0x000000001b2f4000 JavaThread "jar transforms Thread 3427" [_thread_blocked, id=16588, stack(0x0000000023f70000,0x0000000024070000)]
  0x000000001b2f3800 JavaThread "jar transforms Thread 3426" [_thread_blocked, id=14428, stack(0x0000000023e70000,0x0000000023f70000)]
  0x000000001b2f0800 JavaThread "jar transforms Thread 3425" [_thread_blocked, id=14376, stack(0x0000000023d70000,0x0000000023e70000)]
  0x000000001b2ee000 JavaThread "jar transforms Thread 3424" [_thread_blocked, id=14992, stack(0x0000000023c70000,0x0000000023d70000)]
  0x000000001b2ef800 JavaThread "jar transforms Thread 3423" [_thread_blocked, id=15824, stack(0x0000000023b70000,0x0000000023c70000)]
  0x000000001b2f2800 JavaThread "jar transforms Thread 3422" [_thread_blocked, id=16728, stack(0x0000000023a70000,0x0000000023b70000)]
  0x000000001b588800 JavaThread "jar transforms Thread 3421" [_thread_blocked, id=13512, stack(0x0000000023970000,0x0000000023a70000)]
  0x000000001b587000 JavaThread "jar transforms Thread 3420" [_thread_blocked, id=632, stack(0x0000000023870000,0x0000000023970000)]
  0x000000001b585800 JavaThread "jar transforms Thread 3419" [_thread_blocked, id=5588, stack(0x0000000023370000,0x0000000023470000)]
  0x000000001b58b000 JavaThread "jar transforms Thread 3418" [_thread_blocked, id=8256, stack(0x0000000023270000,0x0000000023370000)]
  0x000000001b589800 JavaThread "jar transforms Thread 3417" [_thread_blocked, id=14268, stack(0x0000000023170000,0x0000000023270000)]
  0x000000001b584000 JavaThread "jar transforms Thread 3416" [_thread_blocked, id=16556, stack(0x0000000023070000,0x0000000023170000)]
  0x000000001b586800 JavaThread "jar transforms Thread 3415" [_thread_blocked, id=3120, stack(0x0000000022f70000,0x0000000023070000)]
  0x000000001b588000 JavaThread "jar transforms Thread 3414" [_thread_blocked, id=9092, stack(0x0000000022e70000,0x0000000022f70000)]
  0x000000001b58a000 JavaThread "jar transforms Thread 3413" [_thread_blocked, id=17828, stack(0x0000000022d70000,0x0000000022e70000)]
  0x000000001b57c800 JavaThread "jar transforms Thread 3412" [_thread_blocked, id=5612, stack(0x0000000022c70000,0x0000000022d70000)]
  0x000000001b583800 JavaThread "jar transforms Thread 3411" [_thread_blocked, id=16848, stack(0x0000000022b70000,0x0000000022c70000)]
  0x000000001b57b800 JavaThread "jar transforms Thread 3410" [_thread_blocked, id=12564, stack(0x0000000022a70000,0x0000000022b70000)]
  0x000000001b582000 JavaThread "jar transforms Thread 3409" [_thread_blocked, id=14116, stack(0x0000000022970000,0x0000000022a70000)]
  0x000000001b580800 JavaThread "jar transforms Thread 3408" [_thread_blocked, id=17912, stack(0x0000000022870000,0x0000000022970000)]
  0x000000001b57f800 JavaThread "jar transforms Thread 3407" [_thread_blocked, id=17580, stack(0x0000000022770000,0x0000000022870000)]
  0x000000001b57e000 JavaThread "jar transforms Thread 3406" [_thread_blocked, id=17796, stack(0x0000000022670000,0x0000000022770000)]
  0x000000001b581000 JavaThread "jar transforms Thread 3405" [_thread_blocked, id=12568, stack(0x0000000022570000,0x0000000022670000)]
  0x000000001b582800 JavaThread "Build operations Thread 4" [_thread_blocked, id=17940, stack(0x0000000022470000,0x0000000022570000)]
  0x000000001b57f000 JavaThread "Build operations Thread 3" [_thread_blocked, id=16288, stack(0x0000000022370000,0x0000000022470000)]
  0x000000001b57d800 JavaThread "Build operations Thread 2" [_thread_blocked, id=9936, stack(0x0000000022270000,0x0000000022370000)]
  0x0000000020477800 JavaThread "Build operations" [_thread_blocked, id=9012, stack(0x0000000021a70000,0x0000000021b70000)]
  0x0000000020476000 JavaThread "Cache worker for cache directory md-rule (C:\Users\tzeyi\.gradle\caches\6.5\md-rule)" [_thread_blocked, id=6436, stack(0x0000000021270000,0x0000000021370000)]
  0x0000000020475000 JavaThread "Cache worker for cache directory md-supplier (C:\Users\tzeyi\.gradle\caches\6.5\md-supplier)" [_thread_blocked, id=296, stack(0x0000000021170000,0x0000000021270000)]
  0x000000002046b000 JavaThread "Cache worker for checksums cache (C:\Users\tzeyi\AndroidStudioProjects\RunningTracker\.gradle\checksums)" [_thread_blocked, id=16016, stack(0x000000001fe00000,0x000000001ff00000)]
  0x0000000020472000 JavaThread "Cache worker for file hash cache (C:\Users\tzeyi\AndroidStudioProjects\RunningTracker\.gradle\6.5\fileHashes)" [_thread_blocked, id=12264, stack(0x000000001fd00000,0x000000001fe00000)]
  0x0000000020470800 JavaThread "Thread-4446" [_thread_blocked, id=11104, stack(0x000000001d260000,0x000000001d360000)]
  0x0000000020469000 JavaThread "Stdin handler" [_thread_blocked, id=2632, stack(0x000000001cf60000,0x000000001d060000)]
  0x000000002046c000 JavaThread "Asynchronous log dispatcher for DefaultDaemonConnection: socket connection from /127.0.0.1:62481 to /127.0.0.1:62723" [_thread_blocked, id=14596, stack(0x000000001ce60000,0x000000001cf60000)]
  0x000000002046f000 JavaThread "Daemon worker Thread 36" [_thread_blocked, id=2896, stack(0x000000001cb60000,0x000000001cc60000)]
  0x000000002046a800 JavaThread "Cancel handler" [_thread_blocked, id=3108, stack(0x000000001ca60000,0x000000001cb60000)]
  0x000000002046e000 JavaThread "Handler for socket connection from /127.0.0.1:62481 to /127.0.0.1:62723" [_thread_in_native, id=16140, stack(0x000000001c620000,0x000000001c720000)]
  0x0000000020469800 JavaThread "Daemon Thread 36" [_thread_blocked, id=15532, stack(0x000000001c520000,0x000000001c620000)]
  0x0000000019853000 JavaThread "Cache worker for Java compile cache (C:\Users\tzeyi\.gradle\caches\6.5\javaCompile)" [_thread_blocked, id=18372, stack(0x000000002c3b0000,0x000000002c4b0000)]
  0x000000001a48a000 JavaThread "Memory manager" [_thread_blocked, id=15664, stack(0x0000000028570000,0x0000000028670000)]
  0x0000000019c97000 JavaThread "Cache worker for file content cache (C:\Users\tzeyi\.gradle\caches\6.5\fileContent)" [_thread_blocked, id=12548, stack(0x0000000021b70000,0x0000000021c70000)]
  0x0000000019c9b000 JavaThread "Cache worker for execution history cache (C:\Users\tzeyi\.gradle\caches\6.5\executionHistory)" [_thread_blocked, id=10876, stack(0x0000000021370000,0x0000000021470000)]
  0x0000000019c98800 JavaThread "Cache worker for file hash cache (C:\Users\tzeyi\.gradle\caches\6.5\fileHashes)" [_thread_blocked, id=16220, stack(0x000000001d860000,0x000000001d960000)]
  0x0000000019c99800 JavaThread "File lock request listener" [_thread_in_native, id=12400, stack(0x000000001d760000,0x000000001d860000)]
  0x000000001b209000 JavaThread "Cache worker for journal cache (C:\Users\tzeyi\.gradle\caches\journal-1)" [_thread_blocked, id=7708, stack(0x000000001d560000,0x000000001d660000)]
  0x000000001aa5b000 JavaThread "Daemon periodic checks" [_thread_blocked, id=2612, stack(0x000000001c960000,0x000000001ca60000)]
  0x000000001b1db000 JavaThread "Incoming local TCP Connector on port 62481" [_thread_in_native, id=14736, stack(0x000000001c720000,0x000000001c820000)]
  0x000000001af0e000 JavaThread "Daemon health stats" [_thread_blocked, id=15200, stack(0x000000001c0e0000,0x000000001c1e0000)]
  0x0000000019170800 JavaThread "Service Thread" daemon [_thread_blocked, id=18224, stack(0x0000000019540000,0x0000000019640000)]
  0x0000000017802000 JavaThread "C1 CompilerThread2" daemon [_thread_blocked, id=2636, stack(0x0000000019040000,0x0000000019140000)]
=>0x00000000177fb000 JavaThread "C2 CompilerThread1" daemon [_thread_in_native, id=17376, stack(0x0000000018f40000,0x0000000019040000)]
  0x00000000177f8000 JavaThread "C2 CompilerThread0" daemon [_thread_in_native, id=8012, stack(0x0000000018e40000,0x0000000018f40000)]
  0x00000000177f6000 JavaThread "Attach Listener" daemon [_thread_blocked, id=10516, stack(0x0000000018d40000,0x0000000018e40000)]
  0x00000000177f3800 JavaThread "Signal Dispatcher" daemon [_thread_blocked, id=16312, stack(0x0000000018c40000,0x0000000018d40000)]
  0x0000000002b3b800 JavaThread "Finalizer" daemon [_thread_blocked, id=4000, stack(0x0000000018a40000,0x0000000018b40000)]
  0x00000000177d9000 JavaThread "Reference Handler" daemon [_thread_blocked, id=32, stack(0x0000000018940000,0x0000000018a40000)]
  0x0000000002bce800 JavaThread "main" [_thread_blocked, id=12736, stack(0x0000000001160000,0x0000000001260000)]

Other Threads:
  0x00000000177b6800 VMThread [stack: 0x0000000018840000,0x0000000018940000] [id=12704]
  0x0000000017805800 WatcherThread [stack: 0x0000000019640000,0x0000000019740000] [id=6220]

VM state:not at safepoint (normal execution)

VM Mutex/Monitor currently owned by a thread: None

heap address: 0x0000000080000000, size: 2048 MB, Compressed Oops mode: 32-bit
Narrow klass base: 0x0000000000000000, Narrow klass shift: 3
Compressed class space size: 1073741824 Address: 0x0000000100000000

Heap:
 PSYoungGen      total 227840K, used 136619K [0x00000000d5580000, 0x00000000e5c00000, 0x0000000100000000)
  eden space 197120K, 64% used [0x00000000d5580000,0x00000000dd141588,0x00000000e1600000)
  from space 30720K, 32% used [0x00000000e3e00000,0x00000000e47a9680,0x00000000e5c00000)
  to   space 35840K, 0% used [0x00000000e1600000,0x00000000e1600000,0x00000000e3900000)
 ParOldGen       total 235520K, used 93220K [0x0000000080000000, 0x000000008e600000, 0x00000000d5580000)
  object space 235520K, 39% used [0x0000000080000000,0x0000000085b09398,0x000000008e600000)
 Metaspace       used 113886K, capacity 122770K, committed 123032K, reserved 1157120K
  class space    used 14515K, capacity 16041K, committed 16048K, reserved 1048576K

Card table byte_map: [0x0000000011f90000,0x00000000123a0000] byte_map_base: 0x0000000011b90000

Marking Bits: (ParMarkBitMap*) 0x000000007453f030
 Begin Bits: [0x0000000012a50000, 0x0000000014a50000)
 End Bits:   [0x0000000014a50000, 0x0000000016a50000)

Polling page: 0x0000000001260000

CodeCache: size=245760Kb used=84656Kb max_used=84678Kb free=161103Kb
 bounds [0x0000000002bd0000, 0x0000000007f40000, 0x0000000011bd0000]
 total_blobs=24280 nmethods=23370 adapters=819
 compilation: enabled

Compilation events (10 events):
Event: 26229.385 Thread 0x0000000017802000 31444 %     3       com.android.tools.r8.ir.optimize.K::a @ 48 (115 bytes)
Event: 26229.387 Thread 0x0000000017802000 nmethod 31444% 0x000000000517d090 code [0x000000000517d300, 0x000000000517e6c8]
Event: 26229.389 Thread 0x0000000017802000 31445       2       com.android.tools.r8.code.W0::<init> (79 bytes)
Event: 26229.390 Thread 0x0000000017802000 nmethod 31445 0x000000000517cd50 code [0x000000000517cea0, 0x000000000517d010]
Event: 26229.392 Thread 0x0000000017802000 31446       2       com.android.tools.r8.t.a.a.a.f.m0::iterator (9 bytes)
Event: 26229.392 Thread 0x0000000017802000 nmethod 31446 0x000000000517c910 code [0x000000000517ca60, 0x000000000517cc10]
Event: 26229.392 Thread 0x0000000017802000 31447       2       com.android.tools.r8.ir.regalloc.b::y (115 bytes)
Event: 26229.393 Thread 0x0000000017802000 nmethod 31447 0x0000000004b98ad0 code [0x0000000004b98c60, 0x0000000004b98fa8]
Event: 26229.413 Thread 0x0000000017802000 31449 %     3       com.android.tools.r8.s.c.d0::a @ 29 (908 bytes)
Event: 26229.424 Thread 0x0000000017802000 nmethod 31449% 0x0000000006e5e910 code [0x0000000006e5f4a0, 0x0000000006e67fc8]

GC Heap History (10 events):
Event: 24693.559 GC heap before
{Heap before GC invocations=44 (full 4):
 PSYoungGen      total 246784K, used 246730K [0x00000000d5580000, 0x00000000e7c80000, 0x0000000100000000)
  eden space 227328K, 100% used [0x00000000d5580000,0x00000000e3380000,0x00000000e3380000)
  from space 19456K, 99% used [0x00000000e3a00000,0x00000000e4cf29c8,0x00000000e4d00000)
  to   space 37376K, 0% used [0x00000000e5800000,0x00000000e5800000,0x00000000e7c80000)
 ParOldGen       total 235520K, used 81015K [0x0000000080000000, 0x000000008e600000, 0x00000000d5580000)
  object space 235520K, 34% used [0x0000000080000000,0x0000000084f1df90,0x000000008e600000)
 Metaspace       used 113704K, capacity 122558K, committed 122776K, reserved 1157120K
  class space    used 14514K, capacity 16041K, committed 16048K, reserved 1048576K
Event: 24693.603 GC heap after
Heap after GC invocations=44 (full 4):
 PSYoungGen      total 250368K, used 16724K [0x00000000d5580000, 0x00000000e7500000, 0x0000000100000000)
  eden space 220672K, 0% used [0x00000000d5580000,0x00000000d5580000,0x00000000e2d00000)
  from space 29696K, 56% used [0x00000000e5800000,0x00000000e6855218,0x00000000e7500000)
  to   space 36864K, 0% used [0x00000000e2d00000,0x00000000e2d00000,0x00000000e5100000)
 ParOldGen       total 235520K, used 81119K [0x0000000080000000, 0x000000008e600000, 0x00000000d5580000)
  object space 235520K, 34% used [0x0000000080000000,0x0000000084f37f90,0x000000008e600000)
 Metaspace       used 113704K, capacity 122558K, committed 122776K, reserved 1157120K
  class space    used 14514K, capacity 16041K, committed 16048K, reserved 1048576K
}
Event: 25182.645 GC heap before
{Heap before GC invocations=45 (full 4):
 PSYoungGen      total 250368K, used 237389K [0x00000000d5580000, 0x00000000e7500000, 0x0000000100000000)
  eden space 220672K, 99% used [0x00000000d5580000,0x00000000e2cfe470,0x00000000e2d00000)
  from space 29696K, 56% used [0x00000000e5800000,0x00000000e6855218,0x00000000e7500000)
  to   space 36864K, 0% used [0x00000000e2d00000,0x00000000e2d00000,0x00000000e5100000)
 ParOldGen       total 235520K, used 81119K [0x0000000080000000, 0x000000008e600000, 0x00000000d5580000)
  object space 235520K, 34% used [0x0000000080000000,0x0000000084f37f90,0x000000008e600000)
 Metaspace       used 113722K, capacity 122558K, committed 122776K, reserved 1157120K
  class space    used 14515K, capacity 16041K, committed 16048K, reserved 1048576K
Event: 25182.754 GC heap after
Heap after GC invocations=45 (full 4):
 PSYoungGen      total 231936K, used 17204K [0x00000000d5580000, 0x00000000e6e00000, 0x0000000100000000)
  eden space 214528K, 0% used [0x00000000d5580000,0x00000000d5580000,0x00000000e2700000)
  from space 17408K, 98% used [0x00000000e2d00000,0x00000000e3dcd218,0x00000000e3e00000)
  to   space 36352K, 0% used [0x00000000e4a80000,0x00000000e4a80000,0x00000000e6e00000)
 ParOldGen       total 235520K, used 81151K [0x0000000080000000, 0x000000008e600000, 0x00000000d5580000)
  object space 235520K, 34% used [0x0000000080000000,0x0000000084f3ff90,0x000000008e600000)
 Metaspace       used 113722K, capacity 122558K, committed 122776K, reserved 1157120K
  class space    used 14515K, capacity 16041K, committed 16048K, reserved 1048576K
}
Event: 25210.105 GC heap before
{Heap before GC invocations=46 (full 4):
 PSYoungGen      total 231936K, used 231732K [0x00000000d5580000, 0x00000000e6e00000, 0x0000000100000000)
  eden space 214528K, 100% used [0x00000000d5580000,0x00000000e2700000,0x00000000e2700000)
  from space 17408K, 98% used [0x00000000e2d00000,0x00000000e3dcd218,0x00000000e3e00000)
  to   space 36352K, 0% used [0x00000000e4a80000,0x00000000e4a80000,0x00000000e6e00000)
 ParOldGen       total 235520K, used 81151K [0x0000000080000000, 0x000000008e600000, 0x00000000d5580000)
  object space 235520K, 34% used [0x0000000080000000,0x0000000084f3ff90,0x000000008e600000)
 Metaspace       used 113751K, capacity 122622K, committed 122776K, reserved 1157120K
  class space    used 14515K, capacity 16041K, committed 16048K, reserved 1048576K
Event: 25210.383 GC heap after
Heap after GC invocations=46 (full 4):
 PSYoungGen      total 239616K, used 12633K [0x00000000d5580000, 0x00000000e6900000, 0x0000000100000000)
  eden space 208384K, 0% used [0x00000000d5580000,0x00000000d5580000,0x00000000e2100000)
  from space 31232K, 40% used [0x00000000e4a80000,0x00000000e56d6550,0x00000000e6900000)
  to   space 36864K, 0% used [0x00000000e2100000,0x00000000e2100000,0x00000000e4500000)
 ParOldGen       total 235520K, used 87046K [0x0000000080000000, 0x000000008e600000, 0x00000000d5580000)
  object space 235520K, 36% used [0x0000000080000000,0x0000000085501be8,0x000000008e600000)
 Metaspace       used 113751K, capacity 122622K, committed 122776K, reserved 1157120K
  class space    used 14515K, capacity 16041K, committed 16048K, reserved 1048576K
}
Event: 25220.212 GC heap before
{Heap before GC invocations=47 (full 4):
 PSYoungGen      total 239616K, used 221017K [0x00000000d5580000, 0x00000000e6900000, 0x0000000100000000)
  eden space 208384K, 100% used [0x00000000d5580000,0x00000000e2100000,0x00000000e2100000)
  from space 31232K, 40% used [0x00000000e4a80000,0x00000000e56d6550,0x00000000e6900000)
  to   space 36864K, 0% used [0x00000000e2100000,0x00000000e2100000,0x00000000e4500000)
 ParOldGen       total 235520K, used 87046K [0x0000000080000000, 0x000000008e600000, 0x00000000d5580000)
  object space 235520K, 36% used [0x0000000080000000,0x0000000085501be8,0x000000008e600000)
 Metaspace       used 113783K, capacity 122622K, committed 122776K, reserved 1157120K
  class space    used 14515K, capacity 16041K, committed 16048K, reserved 1048576K
Event: 25220.377 GC heap after
Heap after GC invocations=47 (full 4):
 PSYoungGen      total 222208K, used 19372K [0x00000000d5580000, 0x00000000e6080000, 0x0000000100000000)
  eden space 202752K, 0% used [0x00000000d5580000,0x00000000d5580000,0x00000000e1b80000)
  from space 19456K, 99% used [0x00000000e2100000,0x00000000e33eb0e0,0x00000000e3400000)
  to   space 35328K, 0% used [0x00000000e3e00000,0x00000000e3e00000,0x00000000e6080000)
 ParOldGen       total 235520K, used 93084K [0x0000000080000000, 0x000000008e600000, 0x00000000d5580000)
  object space 235520K, 39% used [0x0000000080000000,0x0000000085ae7398,0x000000008e600000)
 Metaspace       used 113783K, capacity 122622K, committed 122776K, reserved 1157120K
  class space    used 14515K, capacity 16041K, committed 16048K, reserved 1048576K
}
Event: 26227.239 GC heap before
{Heap before GC invocations=48 (full 4):
 PSYoungGen      total 222208K, used 222124K [0x00000000d5580000, 0x00000000e6080000, 0x0000000100000000)
  eden space 202752K, 100% used [0x00000000d5580000,0x00000000e1b80000,0x00000000e1b80000)
  from space 19456K, 99% used [0x00000000e2100000,0x00000000e33eb0e0,0x00000000e3400000)
  to   space 35328K, 0% used [0x00000000e3e00000,0x00000000e3e00000,0x00000000e6080000)
 ParOldGen       total 235520K, used 93084K [0x0000000080000000, 0x000000008e600000, 0x00000000d5580000)
  object space 235520K, 39% used [0x0000000080000000,0x0000000085ae7398,0x000000008e600000)
 Metaspace       used 113855K, capacity 122762K, committed 122776K, reserved 1157120K
  class space    used 14515K, capacity 16041K, committed 16048K, reserved 1048576K
Event: 26227.272 GC heap after
Heap after GC invocations=48 (full 4):
 PSYoungGen      total 227840K, used 9893K [0x00000000d5580000, 0x00000000e5c00000, 0x0000000100000000)
  eden space 197120K, 0% used [0x00000000d5580000,0x00000000d5580000,0x00000000e1600000)
  from space 30720K, 32% used [0x00000000e3e00000,0x00000000e47a9680,0x00000000e5c00000)
  to   space 35840K, 0% used [0x00000000e1600000,0x00000000e1600000,0x00000000e3900000)
 ParOldGen       total 235520K, used 93220K [0x0000000080000000, 0x000000008e600000, 0x00000000d5580000)
  object space 235520K, 39% used [0x0000000080000000,0x0000000085b09398,0x000000008e600000)
 Metaspace       used 113855K, capacity 122762K, committed 122776K, reserved 1157120K
  class space    used 14515K, capacity 16041K, committed 16048K, reserved 1048576K
}

Deoptimization events (10 events):
Event: 25222.105 Thread 0x0000000020469000 Uncommon trap: reason=array_check action=maybe_recompile pc=0x00000000077d5ad0 method=java.util.TimSort.mergeHi(IIII)V @ 171
Event: 25222.106 Thread 0x0000000020469000 Uncommon trap: reason=array_check action=maybe_recompile pc=0x00000000077db3dc method=java.util.TimSort.mergeLo(IIII)V @ 212
Event: 25222.106 Thread 0x0000000020469000 Uncommon trap: reason=array_check action=maybe_recompile pc=0x00000000077d5ad0 method=java.util.TimSort.mergeHi(IIII)V @ 171
Event: 25222.107 Thread 0x0000000020469000 Uncommon trap: reason=array_check action=maybe_recompile pc=0x0000000005326c84 method=java.util.TimSort.mergeHi(IIII)V @ 250
Event: 25222.107 Thread 0x0000000020469000 Uncommon trap: reason=array_check action=maybe_recompile pc=0x00000000077db3dc method=java.util.TimSort.mergeLo(IIII)V @ 212
Event: 25222.171 Thread 0x0000000020469000 Uncommon trap: reason=class_check action=maybe_recompile pc=0x0000000004c28da0 method=com.android.tools.r8.dex.m.c(I)V @ 108
Event: 25223.363 Thread 0x0000000020472000 Uncommon trap: reason=unstable_if action=reinterpret pc=0x000000000507b360 method=java.util.concurrent.ForkJoinTask.externalInterruptibleAwaitDone()I @ 91
Event: 26226.645 Thread 0x000000001b582800 Uncommon trap: reason=unstable_if action=reinterpret pc=0x000000000442099c method=java.util.Random.next(I)I @ 35
Event: 26227.904 Thread 0x000000001a487800 Uncommon trap: reason=class_check action=maybe_recompile pc=0x000000000788f5d4 method=org.objectweb.asm.ClassReader.readCode(Lorg/objectweb/asm/MethodVisitor;Lorg/objectweb/asm/Context;I)V @ 4287
Event: 26229.077 Thread 0x000000001a485000 Uncommon trap: reason=class_check action=maybe_recompile pc=0x00000000065dd878 method=com.android.tools.r8.t.a.a.a.f.U.equals(Ljava/lang/Object;)Z @ 1

Classes redefined (0 events):
No events

Internal exceptions (10 events):
Event: 26227.885 Thread 0x000000001a487800 Exception <a 'sun/nio/fs/WindowsException'> (0x00000000d7246830) thrown at [C:\src\AOSP-openjdk-git\hotspot\src\share\vm\prims\jni.cpp, line 710]
Event: 26227.886 Thread 0x000000001a487800 Exception <a 'sun/nio/fs/WindowsException'> (0x00000000d7247570) thrown at [C:\src\AOSP-openjdk-git\hotspot\src\share\vm\prims\jni.cpp, line 710]
Event: 26227.886 Thread 0x000000001a487800 Exception <a 'sun/nio/fs/WindowsException'> (0x00000000d725c8d0) thrown at [C:\src\AOSP-openjdk-git\hotspot\src\share\vm\prims\jni.cpp, line 710]
Event: 26227.887 Thread 0x000000001a487800 Exception <a 'sun/nio/fs/WindowsException'> (0x00000000d725d620) thrown at [C:\src\AOSP-openjdk-git\hotspot\src\share\vm\prims\jni.cpp, line 710]
Event: 26228.797 Thread 0x000000002046f000 Exception <a 'sun/nio/fs/WindowsException'> (0x00000000da0bd1e8) thrown at [C:\src\AOSP-openjdk-git\hotspot\src\share\vm\prims\jni.cpp, line 710]
Event: 26228.797 Thread 0x000000002046f000 Exception <a 'sun/nio/fs/WindowsException'> (0x00000000da0bea88) thrown at [C:\src\AOSP-openjdk-git\hotspot\src\share\vm\prims\jni.cpp, line 710]
Event: 26229.039 Thread 0x000000001a485000 Exception <a 'sun/nio/fs/WindowsException'> (0x00000000db556d68) thrown at [C:\src\AOSP-openjdk-git\hotspot\src\share\vm\prims\jni.cpp, line 710]
Event: 26229.046 Thread 0x000000001a48b800 Exception <a 'sun/nio/fs/WindowsException'> (0x00000000db5b1568) thrown at [C:\src\AOSP-openjdk-git\hotspot\src\share\vm\prims\jni.cpp, line 710]
Event: 26229.087 Thread 0x000000001a485000 Exception <a 'sun/nio/fs/WindowsException'> (0x00000000db8d1b80) thrown at [C:\src\AOSP-openjdk-git\hotspot\src\share\vm\prims\jni.cpp, line 710]
Event: 26229.113 Thread 0x000000001a485000 Exception <a 'sun/nio/fs/WindowsException'> (0x00000000dba724a0) thrown at [C:\src\AOSP-openjdk-git\hotspot\src\share\vm\prims\jni.cpp, line 710]

Events (10 events):
Event: 26229.029 Thread 0x000000001a484800 Thread added: 0x000000001a484800
Event: 26229.053 Executing VM operation: RevokeBias
Event: 26229.068 Executing VM operation: RevokeBias done
Event: 26229.077 Thread 0x000000001a485000 Uncommon trap: trap_request=0xffffffde fr.pc=0x00000000065dd878
Event: 26229.077 Thread 0x000000001a485000 DEOPT PACKING pc=0x00000000065dd878 sp=0x0000000030b2d530
Event: 26229.078 Thread 0x000000001a485000 DEOPT UNPACKING pc=0x0000000002c1557b sp=0x0000000030b2d490 mode 2
Event: 26229.229 Thread 0x000000001a48b800 DEOPT PACKING pc=0x000000000539efb2 sp=0x0000000030a2cd40
Event: 26229.230 Thread 0x000000001a48b800 DEOPT UNPACKING pc=0x0000000002c175d0 sp=0x0000000030a2cb28 mode 0
Event: 26229.311 Thread 0x000000001a48b800 DEOPT PACKING pc=0x0000000007bff4c4 sp=0x0000000030a2cdc0
Event: 26229.311 Thread 0x000000001a48b800 DEOPT UNPACKING pc=0x0000000002c175d0 sp=0x0000000030a2cce8 mode 0


Dynamic libraries:
0x00007ff7f79a0000 - 0x00007ff7f79d1000 	C:\Program Files\Android\Android Studio\jre\bin\java.exe
0x00007ffa3fe00000 - 0x00007ffa3fff0000 	C:\WINDOWS\SYSTEM32\ntdll.dll
0x00007ffa3e470000 - 0x00007ffa3e522000 	C:\WINDOWS\System32\KERNEL32.DLL
0x00007ffa3d6b0000 - 0x00007ffa3d955000 	C:\WINDOWS\System32\KERNELBASE.dll
0x00007ffa3f610000 - 0x00007ffa3f6b3000 	C:\WINDOWS\System32\ADVAPI32.dll
0x00007ffa3f6f0000 - 0x00007ffa3f78e000 	C:\WINDOWS\System32\msvcrt.dll
0x00007ffa3f450000 - 0x00007ffa3f4e7000 	C:\WINDOWS\System32\sechost.dll
0x00007ffa3f4f0000 - 0x00007ffa3f610000 	C:\WINDOWS\System32\RPCRT4.dll
0x00007ffa3e020000 - 0x00007ffa3e1b4000 	C:\WINDOWS\System32\USER32.dll
0x00007ffa3d960000 - 0x00007ffa3d981000 	C:\WINDOWS\System32\win32u.dll
0x00007ffa3f6c0000 - 0x00007ffa3f6e6000 	C:\WINDOWS\System32\GDI32.dll
0x00007ffa3da20000 - 0x00007ffa3dbb6000 	C:\WINDOWS\System32\gdi32full.dll
0x00007ffa3dcc0000 - 0x00007ffa3dd5e000 	C:\WINDOWS\System32\msvcp_win.dll
0x00007ffa3cd70000 - 0x00007ffa3ce6a000 	C:\WINDOWS\System32\ucrtbase.dll
0x00007ffa29cd0000 - 0x00007ffa29f54000 	C:\WINDOWS\WinSxS\amd64_microsoft.windows.common-controls_6595b64144ccf1df_6.0.18362.1256_none_9e7e379be45e40e2\COMCTL32.dll
0x00007ffa3e790000 - 0x00007ffa3eac6000 	C:\WINDOWS\System32\combase.dll
0x00007ffa3d990000 - 0x00007ffa3da11000 	C:\WINDOWS\System32\bcryptPrimitives.dll
0x00007ffa3e320000 - 0x00007ffa3e34e000 	C:\WINDOWS\System32\IMM32.DLL
0x0000000071240000 - 0x0000000071312000 	C:\Program Files\Android\Android Studio\jre\jre\bin\msvcr100.dll
0x0000000073d70000 - 0x00000000745bb000 	C:\Program Files\Android\Android Studio\jre\jre\bin\server\jvm.dll
0x00007ffa3e640000 - 0x00007ffa3e648000 	C:\WINDOWS\System32\PSAPI.DLL
0x00007ffa3bde0000 - 0x00007ffa3bdea000 	C:\WINDOWS\SYSTEM32\VERSION.dll
0x00007ffa397b0000 - 0x00007ffa397d4000 	C:\WINDOWS\SYSTEM32\WINMM.dll
0x00007ff9f4b40000 - 0x00007ff9f4b49000 	C:\WINDOWS\SYSTEM32\WSOCK32.dll
0x00007ffa39780000 - 0x00007ffa397ad000 	C:\WINDOWS\SYSTEM32\winmmbase.dll
0x00007ffa3ce70000 - 0x00007ffa3ceba000 	C:\WINDOWS\System32\cfgmgr32.dll
0x0000000000c00000 - 0x0000000000c6f000 	C:\WINDOWS\System32\ws2_32.DLL
0x00007ff9f4b30000 - 0x00007ff9f4b3f000 	C:\Program Files\Android\Android Studio\jre\jre\bin\verify.dll
0x00007ff9f4b00000 - 0x00007ff9f4b29000 	C:\Program Files\Android\Android Studio\jre\jre\bin\java.dll
0x00007ff9f4ae0000 - 0x00007ff9f4af6000 	C:\Program Files\Android\Android Studio\jre\jre\bin\zip.dll
0x00007ffa3eba0000 - 0x00007ffa3f287000 	C:\WINDOWS\System32\SHELL32.dll
0x00007ffa3e530000 - 0x00007ffa3e5d9000 	C:\WINDOWS\System32\shcore.dll
0x00007ffa3cec0000 - 0x00007ffa3d641000 	C:\WINDOWS\System32\windows.storage.dll
0x00007ffa3cd40000 - 0x00007ffa3cd63000 	C:\WINDOWS\System32\profapi.dll
0x00007ffa3ccd0000 - 0x00007ffa3cd1a000 	C:\WINDOWS\System32\powrprof.dll
0x00007ffa3cca0000 - 0x00007ffa3ccb0000 	C:\WINDOWS\System32\UMPDC.dll
0x00007ffa3e5e0000 - 0x00007ffa3e632000 	C:\WINDOWS\System32\shlwapi.dll
0x00007ffa3ccb0000 - 0x00007ffa3ccc1000 	C:\WINDOWS\System32\kernel.appcore.dll
0x00007ffa3dca0000 - 0x00007ffa3dcb7000 	C:\WINDOWS\System32\cryptsp.dll
0x00007ff9f4ac0000 - 0x00007ff9f4ada000 	C:\Program Files\Android\Android Studio\jre\jre\bin\net.dll
0x00007ffa3c490000 - 0x00007ffa3c4f7000 	C:\WINDOWS\system32\mswsock.dll
0x00007ff9ed430000 - 0x00007ff9ed443000 	C:\Program Files\Android\Android Studio\jre\jre\bin\nio.dll
0x00007ffa0ce60000 - 0x00007ffa0ce87000 	C:\Users\tzeyi\.gradle\native\f6784746aeab05261644944871eae4fe03e0ef1612fff0a4a95f87b438bc6780\windows-amd64\native-platform.dll
0x00007ff9ed420000 - 0x00007ff9ed42d000 	C:\Program Files\Android\Android Studio\jre\jre\bin\management.dll
0x00007ffa3c000000 - 0x00007ffa3c033000 	C:\WINDOWS\system32\rsaenh.dll
0x00007ffa3dbc0000 - 0x00007ffa3dbe6000 	C:\WINDOWS\System32\bcrypt.dll
0x00007ffa3cb80000 - 0x00007ffa3cba5000 	C:\WINDOWS\SYSTEM32\USERENV.dll
0x00007ffa3c660000 - 0x00007ffa3c66c000 	C:\WINDOWS\SYSTEM32\CRYPTBASE.dll
0x00007ffa3c1a0000 - 0x00007ffa3c1da000 	C:\WINDOWS\SYSTEM32\IPHLPAPI.DLL
0x00007ffa3deb0000 - 0x00007ffa3deb8000 	C:\WINDOWS\System32\NSI.dll
0x00007ffa34c50000 - 0x00007ffa34c66000 	C:\WINDOWS\SYSTEM32\dhcpcsvc6.DLL
0x00007ffa35eb0000 - 0x00007ffa35ecc000 	C:\WINDOWS\SYSTEM32\dhcpcsvc.DLL
0x00007ffa3c1e0000 - 0x00007ffa3c2ab000 	C:\WINDOWS\SYSTEM32\DNSAPI.dll
0x00007ffa36830000 - 0x00007ffa3683b000 	C:\WINDOWS\SYSTEM32\WINNSI.DLL

VM Arguments:
jvm_args: -Xmx2048m -Dfile.encoding=UTF-8 -Duser.country=MY -Duser.language=en -Duser.variant 
java_command: org.gradle.launcher.daemon.bootstrap.GradleDaemon 6.5
java_class_path (initial): C:\Users\tzeyi\.gradle\wrapper\dists\gradle-6.5-bin\6nifqtx7604sqp1q6g8wikw7p\gradle-6.5\lib\gradle-launcher-6.5.jar
Launcher Type: SUN_STANDARD

Environment Variables:
PATH=C:\Program Files (x86)\Common Files\Oracle\Java\javapath;C:\Program Files\Java\jdk-13.0.2\bin;C:\Program Files\Java\jdk-12.0.1\bin;C:\Program Files\Java\jdk-11.0.1\bin;C:\Gradle\gradle-6.0.1\bin;C:\Program Files\Haskell\bin;C:\Program Files\Haskell Platform\8.6.3\lib\extralibs\bin;C:\Program Files\Haskell Platform\8.6.3\bin;C:\Program Files\Haskell Platform\8.6.3\mingw\bin;C:\Program Files\nodejs\;C:\Users\tzeyi\AppData\Local\Programs\Python\Python38-32;C:\Program Files\MATLAB\R2019b\runtime\win64;C:\Program Files\MATLAB\R2019b\bin;C:\Program Files\Git\cmd;C:\Program Files (x86)\C-Free 5\mingw\bin;C:\xampp\php;C:\WINDOWS\system32;C:\WINDOWS;C:\WINDOWS\System32\Wbem;C:\WINDOWS\System32\WindowsPowerShell\v1.0\;C:\WINDOWS\System32\OpenSSH\;C:\Program Files\dotnet\;C:\Program Files\Microsoft SQL Server\130\Tools\Binn\;C:\Program Files\PuTTY\;C:\ProgramData\ComposerSetup\bin;C:\Program Files\Sublime Text 3;C:\Users\tzeyi\AppData\Local\Android\Sdk\platform-tools;C:\Users\tzeyi\AppData\Local\Programs\Python\Python38-32\Scripts\;C:\Users\tzeyi\AppData\Local\Programs\Python\Python38-32\;C:\Users\tzeyi\AppData\Roaming\cabal\bin;C:\Users\tzeyi\AppData\Roaming\local\bin;C:\Users\tzeyi\AppData\Local\Microsoft\WindowsApps;C:\Users\tzeyi\AppData\Local\GitHubDesktop\bin;C:\Program Files\JetBrains\PyCharm Community Edition 191.6014.12\bin;C:\Program Files\Docker Toolbox;C:\Users\tzeyi\Desktop\XXX;C:\Users\tzeyi\AppData\Local\atom\bin;C:\Users\tzeyi\AppData\Local\hyper\app-3.0.2\resources\bin;C:\Users\tzeyi\AppData\Local\Microsoft\WindowsApps;C:\Users\tzeyi\AppData\Roaming\npm;C:\Program Files\JetBrains\IntelliJ IDEA 2019.3.2\bin;;C:\Users\tzeyi\AppData\Local\Programs\Microsoft VS Code\bin;C:\Users\tzeyi\AppData\Roaming\Composer\vendor\bin
USERNAME=tzeyi
OS=Windows_NT
PROCESSOR_IDENTIFIER=Intel64 Family 6 Model 61 Stepping 4, GenuineIntel



---------------  S Y S T E M  ---------------

OS: Windows 10.0 , 64 bit Build 18362 (10.0.18362.1110)

CPU:total 4 (initial active 4) (2 cores per cpu, 2 threads per core) family 6 model 61 stepping 4, cmov, cx8, fxsr, mmx, sse, sse2, sse3, ssse3, sse4.1, sse4.2, popcnt, avx, avx2, aes, clmul, erms, 3dnowpref, lzcnt, ht, tsc, tscinvbit, bmi1, bmi2, adx

Memory: 4k page, physical 12500528k(985744k free), swap 38100524k(876k free)

vm_info: OpenJDK 64-Bit Server VM (25.242-b01) for windows-amd64 JRE (1.8.0_242-release-1644-b01), built by "builder" with MS VC++ 10.0 (VS2010)

time: Thu Dec 24 05:04:40 2020
timezone: Malay Peninsula Standard Time
elapsed time: 26229 seconds (0d 7h 17m 9s)

