#
# There is insufficient memory for the Java Runtime Environment to continue.
# Native memory allocation (malloc) failed to allocate 1096256 bytes for Chunk::new
# Possible reasons:
#   The system is out of physical RAM or swap space
#   The process is running with CompressedOops enabled, and the Java Heap may be blocking the growth of the native heap
# Possible solutions:
#   Reduce memory load on the system
#   Increase physical memory or swap space
#   Check if swap backing store is full
#   Decrease Java heap size (-Xmx/-Xms)
#   Decrease number of Java threads
#   Decrease Java thread stack sizes (-Xss)
#   Set larger code cache with -XX:ReservedCodeCacheSize=
#   JVM is running with Unscaled Compressed Oops mode in which the Java heap is
#     placed in the first 4GB address space. The Java Heap base address is the
#     maximum limit for the native heap growth. Please use -XX:HeapBaseMinAddress
#     to set the Java Heap base and to place the Java Heap above 4GB virtual address.
# This output file may be truncated or incomplete.
#
#  Out of Memory Error (allocation.cpp:389), pid=19860, tid=0x0000000000000a20
#
# JRE version: OpenJDK Runtime Environment (8.0_242-b01) (build 1.8.0_242-release-1644-b01)
# Java VM: OpenJDK 64-Bit Server VM (25.242-b01 mixed mode windows-amd64 compressed oops)
# Failed to write core dump. Minidumps are not enabled by default on client versions of Windows
#

---------------  T H R E A D  ---------------

Current thread (0x0000000017631800):  JavaThread "C2 CompilerThread1" daemon [_thread_in_native, id=2592, stack(0x0000000018d80000,0x0000000018e80000)]

Stack: [0x0000000018d80000,0x0000000018e80000]
[error occurred during error reporting (printing stack bounds), id 0xc0000005]

Native frames: (J=compiled Java code, j=interpreted, Vv=VM code, C=native code)


Current CompileTask:
C2:  31555 4265       4       java.security.SecureClassLoader::defineClass (16 bytes)


---------------  P R O C E S S  ---------------

Java Threads: ( => current thread )
  0x000000001c7ed800 JavaThread "jar transforms Thread 92" [_thread_blocked, id=26776, stack(0x0000000028450000,0x0000000028550000)]
  0x000000001c7ec800 JavaThread "jar transforms Thread 91" [_thread_blocked, id=26772, stack(0x0000000028350000,0x0000000028450000)]
  0x000000001c7ef800 JavaThread "jar transforms Thread 90" [_thread_blocked, id=26768, stack(0x0000000028250000,0x0000000028350000)]
  0x000000001c7eb000 JavaThread "jar transforms Thread 89" [_thread_blocked, id=26764, stack(0x0000000028150000,0x0000000028250000)]
  0x000000001c7ec000 JavaThread "jar transforms Thread 88" [_thread_blocked, id=26760, stack(0x0000000028050000,0x0000000028150000)]
  0x000000001c7e3800 JavaThread "jar transforms Thread 87" [_thread_blocked, id=26756, stack(0x0000000027f50000,0x0000000028050000)]
  0x000000001c7ea800 JavaThread "jar transforms Thread 86" [_thread_blocked, id=26752, stack(0x0000000027e50000,0x0000000027f50000)]
  0x000000001c7e9800 JavaThread "jar transforms Thread 85" [_thread_blocked, id=26748, stack(0x0000000027d50000,0x0000000027e50000)]
  0x000000001c7e2000 JavaThread "jar transforms Thread 84" [_thread_blocked, id=26744, stack(0x0000000027c50000,0x0000000027d50000)]
  0x000000001c7e4800 JavaThread "jar transforms Thread 83" [_thread_blocked, id=26740, stack(0x0000000027b50000,0x0000000027c50000)]
  0x000000001c7e9000 JavaThread "jar transforms Thread 82" [_thread_blocked, id=26736, stack(0x0000000027a50000,0x0000000027b50000)]
  0x000000001c7e1800 JavaThread "jar transforms Thread 81" [_thread_blocked, id=26732, stack(0x0000000027950000,0x0000000027a50000)]
  0x000000001c7e8000 JavaThread "jar transforms Thread 80" [_thread_blocked, id=26728, stack(0x0000000027850000,0x0000000027950000)]
  0x000000001c7e7800 JavaThread "jar transforms Thread 79" [_thread_blocked, id=26724, stack(0x0000000027750000,0x0000000027850000)]
  0x000000001c7e6800 JavaThread "jar transforms Thread 78" [_thread_blocked, id=26720, stack(0x0000000027650000,0x0000000027750000)]
  0x000000001c7e6000 JavaThread "jar transforms Thread 77" [_thread_blocked, id=26716, stack(0x0000000027550000,0x0000000027650000)]
  0x000000001c7e5000 JavaThread "jar transforms Thread 76" [_thread_blocked, id=26712, stack(0x0000000027450000,0x0000000027550000)]
  0x000000001c7e3000 JavaThread "jar transforms Thread 75" [_thread_blocked, id=26708, stack(0x0000000027350000,0x0000000027450000)]
  0x000000001dc58800 JavaThread "jar transforms Thread 74" [_thread_blocked, id=26704, stack(0x0000000027250000,0x0000000027350000)]
  0x000000001dc57800 JavaThread "jar transforms Thread 73" [_thread_blocked, id=26700, stack(0x0000000027150000,0x0000000027250000)]
  0x000000001dc57000 JavaThread "jar transforms Thread 72" [_thread_blocked, id=26696, stack(0x0000000027050000,0x0000000027150000)]
  0x000000001dc56000 JavaThread "jar transforms Thread 71" [_thread_blocked, id=26692, stack(0x0000000026f50000,0x0000000027050000)]
  0x000000001dc55800 JavaThread "jar transforms Thread 70" [_thread_blocked, id=26688, stack(0x0000000026e50000,0x0000000026f50000)]
  0x000000001dc54800 JavaThread "jar transforms Thread 69" [_thread_blocked, id=26684, stack(0x0000000026d50000,0x0000000026e50000)]
  0x000000001dc54000 JavaThread "jar transforms Thread 68" [_thread_blocked, id=26680, stack(0x0000000026c50000,0x0000000026d50000)]
  0x000000001dc4c800 JavaThread "jar transforms Thread 67" [_thread_blocked, id=26676, stack(0x0000000026b50000,0x0000000026c50000)]
  0x000000001dc4e000 JavaThread "jar transforms Thread 66" [_thread_blocked, id=26672, stack(0x0000000026a50000,0x0000000026b50000)]
  0x000000001dc51000 JavaThread "jar transforms Thread 65" [_thread_blocked, id=26668, stack(0x0000000026950000,0x0000000026a50000)]
  0x000000001dc53000 JavaThread "jar transforms Thread 64" [_thread_blocked, id=26664, stack(0x0000000026850000,0x0000000026950000)]
  0x000000001dc52800 JavaThread "jar transforms Thread 63" [_thread_blocked, id=26660, stack(0x0000000026750000,0x0000000026850000)]
  0x000000001dc51800 JavaThread "jar transforms Thread 62" [_thread_blocked, id=26656, stack(0x0000000026650000,0x0000000026750000)]
  0x000000001dc49800 JavaThread "jar transforms Thread 61" [_thread_blocked, id=26652, stack(0x0000000026550000,0x0000000026650000)]
  0x000000001dc4d000 JavaThread "jar transforms Thread 60" [_thread_blocked, id=26648, stack(0x0000000026450000,0x0000000026550000)]
  0x000000001dc4e800 JavaThread "jar transforms Thread 59" [_thread_blocked, id=26636, stack(0x0000000026350000,0x0000000026450000)]
  0x000000001dc4b800 JavaThread "jar transforms Thread 58" [_thread_blocked, id=26632, stack(0x0000000026250000,0x0000000026350000)]
  0x000000001dc50000 JavaThread "jar transforms Thread 57" [_thread_blocked, id=26628, stack(0x0000000026150000,0x0000000026250000)]
  0x000000001dc4b000 JavaThread "jar transforms Thread 56" [_thread_blocked, id=22636, stack(0x0000000026050000,0x0000000026150000)]
  0x000000001dc4a000 JavaThread "jar transforms Thread 55" [_thread_blocked, id=15828, stack(0x0000000025f50000,0x0000000026050000)]
  0x000000001dc4f800 JavaThread "jar transforms Thread 54" [_thread_blocked, id=20296, stack(0x0000000025e50000,0x0000000025f50000)]
  0x000000001cf04000 JavaThread "jar transforms Thread 53" [_thread_blocked, id=14576, stack(0x0000000025d50000,0x0000000025e50000)]
  0x000000001cf03000 JavaThread "jar transforms Thread 52" [_thread_blocked, id=22936, stack(0x0000000025c50000,0x0000000025d50000)]
  0x000000001cf04800 JavaThread "jar transforms Thread 51" [_thread_blocked, id=25096, stack(0x0000000025b50000,0x0000000025c50000)]
  0x000000001ceff800 JavaThread "jar transforms Thread 50" [_thread_blocked, id=25912, stack(0x0000000025a50000,0x0000000025b50000)]
  0x000000001cefb800 JavaThread "jar transforms Thread 49" [_thread_blocked, id=24588, stack(0x0000000025950000,0x0000000025a50000)]
  0x000000001cf00000 JavaThread "jar transforms Thread 48" [_thread_blocked, id=4380, stack(0x0000000025850000,0x0000000025950000)]
  0x000000001cf02800 JavaThread "jar transforms Thread 47" [_thread_blocked, id=25916, stack(0x0000000025750000,0x0000000025850000)]
  0x000000001cf01000 JavaThread "jar transforms Thread 46" [_thread_blocked, id=21364, stack(0x0000000025650000,0x0000000025750000)]
  0x000000001cf01800 JavaThread "jar transforms Thread 45" [_thread_blocked, id=21272, stack(0x0000000025550000,0x0000000025650000)]
  0x000000001cef8800 JavaThread "jar transforms Thread 44" [_thread_blocked, id=19504, stack(0x0000000025450000,0x0000000025550000)]
  0x000000001cef7800 JavaThread "jar transforms Thread 43" [_thread_blocked, id=25744, stack(0x0000000025350000,0x0000000025450000)]
  0x000000001cef9000 JavaThread "jar transforms Thread 42" [_thread_blocked, id=25156, stack(0x0000000025250000,0x0000000025350000)]
  0x000000001cefc000 JavaThread "jar transforms Thread 41" [_thread_blocked, id=22104, stack(0x0000000025150000,0x0000000025250000)]
  0x000000001cefe800 JavaThread "jar transforms Thread 40" [_thread_blocked, id=12776, stack(0x0000000025050000,0x0000000025150000)]
  0x000000001cefd000 JavaThread "jar transforms Thread 39" [_thread_blocked, id=24352, stack(0x0000000024f50000,0x0000000025050000)]
  0x000000001cefd800 JavaThread "jar transforms Thread 38" [_thread_blocked, id=25084, stack(0x0000000024e50000,0x0000000024f50000)]
  0x000000001cef5800 JavaThread "jar transforms Thread 37" [_thread_blocked, id=11400, stack(0x0000000024d50000,0x0000000024e50000)]
  0x000000001cefa000 JavaThread "jar transforms Thread 36" [_thread_blocked, id=25824, stack(0x0000000024c50000,0x0000000024d50000)]
  0x000000001cef6000 JavaThread "jar transforms Thread 35" [_thread_blocked, id=23664, stack(0x0000000024b50000,0x0000000024c50000)]
  0x000000001cef7000 JavaThread "jar transforms Thread 34" [_thread_blocked, id=25208, stack(0x0000000024a50000,0x0000000024b50000)]
  0x000000001cefa800 JavaThread "jar transforms Thread 33" [_thread_blocked, id=25204, stack(0x0000000024950000,0x0000000024a50000)]
  0x000000001c9f1000 JavaThread "jar transforms Thread 32" [_thread_blocked, id=11372, stack(0x0000000024850000,0x0000000024950000)]
  0x000000001c9f0800 JavaThread "jar transforms Thread 31" [_thread_blocked, id=19048, stack(0x0000000024750000,0x0000000024850000)]
  0x000000001c9ef000 JavaThread "jar transforms Thread 30" [_thread_blocked, id=25700, stack(0x0000000024650000,0x0000000024750000)]
  0x000000001c9ee000 JavaThread "jar transforms Thread 29" [_thread_blocked, id=26516, stack(0x0000000024550000,0x0000000024650000)]
  0x000000001c9ed800 JavaThread "jar transforms Thread 28" [_thread_blocked, id=20516, stack(0x0000000024450000,0x0000000024550000)]
  0x000000001c9ec800 JavaThread "jar transforms Thread 27" [_thread_blocked, id=20668, stack(0x0000000024350000,0x0000000024450000)]
  0x000000001c9f2000 JavaThread "jar transforms Thread 26" [_thread_blocked, id=25536, stack(0x0000000024250000,0x0000000024350000)]
  0x000000001c9ef800 JavaThread "jar transforms Thread 25" [_thread_blocked, id=8596, stack(0x0000000024150000,0x0000000024250000)]
  0x000000001c9f2800 JavaThread "jar transforms Thread 24" [_thread_blocked, id=24924, stack(0x0000000024050000,0x0000000024150000)]
  0x000000001c9e6000 JavaThread "jar transforms Thread 23" [_thread_blocked, id=25248, stack(0x0000000023f50000,0x0000000024050000)]
  0x000000001c9e5000 JavaThread "jar transforms Thread 22" [_thread_blocked, id=25996, stack(0x0000000023e50000,0x0000000023f50000)]
  0x000000001c9eb000 JavaThread "jar transforms Thread 21" [_thread_blocked, id=6804, stack(0x0000000023d50000,0x0000000023e50000)]
  0x000000001c9ec000 JavaThread "Build operations Thread 4" [_thread_blocked, id=12952, stack(0x0000000023c50000,0x0000000023d50000)]
  0x000000001c9e9800 JavaThread "Build operations Thread 3" [_thread_blocked, id=21300, stack(0x0000000023b50000,0x0000000023c50000)]
  0x000000001c9ea800 JavaThread "Build operations Thread 2" [_thread_blocked, id=25148, stack(0x0000000023a50000,0x0000000023b50000)]
  0x000000001c9e8000 JavaThread "Build operations" [_thread_blocked, id=6104, stack(0x0000000023950000,0x0000000023a50000)]
  0x000000001c9e7800 JavaThread "Cache worker for Build Output Cleanup Cache (C:\Users\tzeyi\AndroidStudioProjects\RecipeBook\.gradle\buildOutputCleanup)" [_thread_blocked, id=24336, stack(0x0000000023030000,0x0000000023130000)]
  0x000000001cb3f800 JavaThread "Cache worker for file content cache (C:\Users\tzeyi\.gradle\caches\6.5\fileContent)" [_thread_blocked, id=18552, stack(0x0000000022f30000,0x0000000023030000)]
  0x000000001cb42800 JavaThread "Cache worker for execution history cache (C:\Users\tzeyi\.gradle\caches\6.5\executionHistory)" [_thread_blocked, id=22828, stack(0x0000000022a00000,0x0000000022b00000)]
  0x000000001cb3e000 JavaThread "Cache worker for cache directory md-rule (C:\Users\tzeyi\.gradle\caches\6.5\md-rule)" [_thread_blocked, id=22620, stack(0x0000000022680000,0x0000000022780000)]
  0x000000001cb3d800 JavaThread "Cache worker for cache directory md-supplier (C:\Users\tzeyi\.gradle\caches\6.5\md-supplier)" [_thread_blocked, id=25624, stack(0x0000000022580000,0x0000000022680000)]
  0x000000001cb3f000 JavaThread "Cache worker for checksums cache (C:\Users\tzeyi\AndroidStudioProjects\RecipeBook\.gradle\checksums)" [_thread_blocked, id=23024, stack(0x0000000022480000,0x0000000022580000)]
  0x000000001cb42000 JavaThread "jar transforms Thread 20" [_thread_blocked, id=25344, stack(0x0000000022180000,0x0000000022280000)]
  0x000000001cb41000 JavaThread "jar transforms Thread 19" [_thread_blocked, id=25360, stack(0x0000000022080000,0x0000000022180000)]
  0x000000001cb3c800 JavaThread "jar transforms Thread 18" [_thread_blocked, id=21492, stack(0x0000000021f80000,0x0000000022080000)]
  0x000000001cb35000 JavaThread "jar transforms Thread 17" [_thread_blocked, id=19944, stack(0x0000000021e80000,0x0000000021f80000)]
  0x000000001cb3a800 JavaThread "jar transforms Thread 16" [_thread_blocked, id=23700, stack(0x0000000021d80000,0x0000000021e80000)]
  0x000000001cb39800 JavaThread "jar transforms Thread 15" [_thread_blocked, id=23796, stack(0x0000000021c80000,0x0000000021d80000)]
  0x000000001cb3c000 JavaThread "jar transforms Thread 14" [_thread_blocked, id=23752, stack(0x0000000021b80000,0x0000000021c80000)]
  0x000000001cb39000 JavaThread "jar transforms Thread 13" [_thread_blocked, id=23728, stack(0x0000000021a80000,0x0000000021b80000)]
  0x000000001cb36800 JavaThread "jar transforms Thread 12" [_thread_blocked, id=23628, stack(0x0000000021980000,0x0000000021a80000)]
  0x000000001cb3b000 JavaThread "jar transforms Thread 11" [_thread_blocked, id=8828, stack(0x0000000021880000,0x0000000021980000)]
  0x000000001cb36000 JavaThread "jar transforms Thread 10" [_thread_blocked, id=22504, stack(0x0000000021780000,0x0000000021880000)]
  0x000000001cb34000 JavaThread "jar transforms Thread 9" [_thread_blocked, id=12324, stack(0x0000000021680000,0x0000000021780000)]
  0x000000001cb37800 JavaThread "jar transforms Thread 8" [_thread_blocked, id=6996, stack(0x0000000021580000,0x0000000021680000)]
  0x000000001cb38000 JavaThread "jar transforms Thread 7" [_thread_blocked, id=22712, stack(0x0000000021480000,0x0000000021580000)]
  0x000000001cb33800 JavaThread "jar transforms Thread 6" [_thread_blocked, id=25576, stack(0x0000000021380000,0x0000000021480000)]
  0x000000001ce2e000 JavaThread "jar transforms Thread 5" [_thread_blocked, id=9708, stack(0x0000000020200000,0x0000000020300000)]
  0x000000001ce32000 JavaThread "jar transforms Thread 4" [_thread_blocked, id=23360, stack(0x0000000020100000,0x0000000020200000)]
  0x000000001ce31000 JavaThread "jar transforms Thread 3" [_thread_blocked, id=26064, stack(0x0000000020000000,0x0000000020100000)]
  0x000000001ce2d800 JavaThread "jar transforms Thread 2" [_thread_blocked, id=24124, stack(0x000000001fca0000,0x000000001fda0000)]
  0x000000001ce30800 JavaThread "jar transforms" [_thread_blocked, id=24504, stack(0x000000001fba0000,0x000000001fca0000)]
  0x000000001ce2c800 JavaThread "Cache worker for file hash cache (C:\Users\tzeyi\AndroidStudioProjects\RecipeBook\.gradle\6.5\fileHashes)" [_thread_blocked, id=17736, stack(0x000000001faa0000,0x000000001fba0000)]
  0x000000001ce2f000 JavaThread "File lock release action executor" [_thread_blocked, id=11644, stack(0x000000001ff00000,0x0000000020000000)]
  0x000000001ce2c000 JavaThread "Cache worker for file hash cache (C:\Users\tzeyi\.gradle\caches\6.5\fileHashes)" [_thread_blocked, id=21656, stack(0x000000001fe00000,0x000000001ff00000)]
  0x000000001ce2f800 JavaThread "File lock request listener" [_thread_in_native, id=10936, stack(0x000000001e5d0000,0x000000001e6d0000)]
  0x000000001ce2b000 JavaThread "Cache worker for journal cache (C:\Users\tzeyi\.gradle\caches\journal-1)" [_thread_blocked, id=25108, stack(0x000000001e3d0000,0x000000001e4d0000)]
  0x00000000199b0800 JavaThread "Thread-9" [_thread_blocked, id=20176, stack(0x000000001c130000,0x000000001c230000)]
  0x00000000199af800 JavaThread "Stdin handler" [_thread_blocked, id=9960, stack(0x000000001c030000,0x000000001c130000)]
  0x00000000199af000 JavaThread "Asynchronous log dispatcher for DefaultDaemonConnection: socket connection from /127.0.0.1:61453 to /127.0.0.1:61456" [_thread_blocked, id=18560, stack(0x000000001bf30000,0x000000001c030000)]
  0x000000001902c800 JavaThread "Daemon worker" [_thread_blocked, id=9632, stack(0x000000001be30000,0x000000001bf30000)]
  0x000000001902b000 JavaThread "Cancel handler" [_thread_blocked, id=9024, stack(0x000000001bd30000,0x000000001be30000)]
  0x0000000019fb9800 JavaThread "Handler for socket connection from /127.0.0.1:61453 to /127.0.0.1:61456" [_thread_in_native, id=21384, stack(0x000000001bc30000,0x000000001bd30000)]
  0x0000000019fb9000 JavaThread "Daemon" [_thread_blocked, id=24324, stack(0x000000001bb30000,0x000000001bc30000)]
  0x0000000019fb7000 JavaThread "Daemon periodic checks" [_thread_blocked, id=18276, stack(0x000000001b830000,0x000000001b930000)]
  0x0000000019faf000 JavaThread "Incoming local TCP Connector on port 61453" [_thread_in_native, id=14856, stack(0x000000001b5f0000,0x000000001b6f0000)]
  0x000000001a8dc000 JavaThread "Daemon health stats" [_thread_blocked, id=22756, stack(0x000000001afb0000,0x000000001b0b0000)]
  0x0000000018fad000 JavaThread "Service Thread" daemon [_thread_blocked, id=24784, stack(0x0000000019380000,0x0000000019480000)]
  0x000000001764f800 JavaThread "C1 CompilerThread2" daemon [_thread_blocked, id=26220, stack(0x0000000018e80000,0x0000000018f80000)]
=>0x0000000017631800 JavaThread "C2 CompilerThread1" daemon [_thread_in_native, id=2592, stack(0x0000000018d80000,0x0000000018e80000)]
  0x000000001762a000 JavaThread "C2 CompilerThread0" daemon [_thread_in_native, id=26212, stack(0x0000000018c80000,0x0000000018d80000)]
  0x0000000017627800 JavaThread "Attach Listener" daemon [_thread_blocked, id=24980, stack(0x0000000018b80000,0x0000000018c80000)]
  0x0000000017626000 JavaThread "Signal Dispatcher" daemon [_thread_blocked, id=4196, stack(0x0000000018a80000,0x0000000018b80000)]
  0x00000000029f8800 JavaThread "Finalizer" daemon [_thread_blocked, id=25776, stack(0x0000000018880000,0x0000000018980000)]
  0x0000000017609000 JavaThread "Reference Handler" daemon [_thread_blocked, id=26280, stack(0x0000000018780000,0x0000000018880000)]
  0x00000000028fe800 JavaThread "main" [_thread_blocked, id=13160, stack(0x00000000027b0000,0x00000000028b0000)]

Other Threads:
  0x00000000175e6800 VMThread [stack: 0x0000000018680000,0x0000000018780000] [id=11456]
  0x0000000018fad800 WatcherThread [stack: 0x0000000019480000,0x0000000019580000] [id=3520]

VM state:at safepoint (normal execution)

VM Mutex/Monitor currently owned by a thread:  ([mutex/lock_event])
[0x00000000028fd2b0] Threads_lock - owner thread: 0x00000000175e6800
[0x00000000028fdc30] Heap_lock - owner thread: 0x000000001902c800

heap address: 0x0000000080000000, size: 2048 MB, Compressed Oops mode: 32-bit
Narrow klass base: 0x0000000000000000, Narrow klass shift: 3
Compressed class space size: 1073741824 Address: 0x0000000100000000

Heap:
 PSYoungGen      total 168960K, used 157696K [0x00000000d5580000, 0x00000000e0880000, 0x0000000100000000)
  eden space 157696K, 100% used [0x00000000d5580000,0x00000000def80000,0x00000000def80000)
  from space 11264K, 0% used [0x00000000dfd80000,0x00000000dfd80000,0x00000000e0880000)
  to   space 12800K, 7% used [0x00000000def80000,0x00000000df070000,0x00000000dfc00000)
 ParOldGen       total 98304K, used 13849K [0x0000000080000000, 0x0000000086000000, 0x00000000d5580000)
  object space 98304K, 14% used [0x0000000080000000,0x0000000080d86670,0x0000000086000000)
 Metaspace       used 40619K, capacity 42592K, committed 42712K, reserved 1085440K
  class space    used 5589K, capacity 6024K, committed 6104K, reserved 1048576K

Card table byte_map: [0x0000000011dc0000,0x00000000121d0000] byte_map_base: 0x00000000119c0000

Marking Bits: (ParMarkBitMap*) 0x000000006dd9f030
 Begin Bits: [0x0000000012880000, 0x0000000014880000)
 End Bits:   [0x0000000014880000, 0x0000000016880000)

Polling page: 0x0000000000b30000

CodeCache: size=245760Kb used=12995Kb max_used=12995Kb free=232764Kb
 bounds [0x0000000002a00000, 0x00000000036c0000, 0x0000000011a00000]
 total_blobs=4556 nmethods=3842 adapters=626
 compilation: enabled

Compilation events (10 events):
Event: 31.072 Thread 0x000000001764f800 4260       3       java.util.stream.ReduceOps$3ReducingSink::accept (15 bytes)
Event: 31.072 Thread 0x000000001764f800 nmethod 4260 0x00000000036bb290 code [0x00000000036bb400, 0x00000000036bb628]
Event: 31.072 Thread 0x000000001764f800 4261       3       java.util.stream.Collectors$$Lambda$263/1419981364::accept (21 bytes)
Event: 31.073 Thread 0x000000001764f800 nmethod 4261 0x00000000036ba990 code [0x00000000036bab40, 0x00000000036bb088]
Event: 31.073 Thread 0x000000001764f800 4262       3       java.util.stream.Collectors::lambda$toMap$58 (25 bytes)
Event: 31.074 Thread 0x000000001764f800 nmethod 4262 0x00000000036ba2d0 code [0x00000000036ba460, 0x00000000036ba808]
Event: 31.103 Thread 0x000000001764f800 4263       1       org.gradle.internal.typeconversion.TypeInfo::getTargetType (5 bytes)
Event: 31.103 Thread 0x000000001764f800 nmethod 4263 0x00000000036ba010 code [0x00000000036ba160, 0x00000000036ba270]
Event: 31.121 Thread 0x000000001762a000 4264   !   4       java.security.SecureClassLoader::getProtectionDomain (114 bytes)
Event: 31.128 Thread 0x0000000017631800 4265       4       java.security.SecureClassLoader::defineClass (16 bytes)

GC Heap History (10 events):
Event: 13.792 GC heap before
{Heap before GC invocations=6 (full 1):
 PSYoungGen      total 57344K, used 7017K [0x00000000d5580000, 0x00000000dcb80000, 0x0000000100000000)
  eden space 49152K, 0% used [0x00000000d5580000,0x00000000d5580000,0x00000000d8580000)
  from space 8192K, 85% used [0x00000000d8580000,0x00000000d8c5a508,0x00000000d8d80000)
  to   space 11264K, 0% used [0x00000000dc080000,0x00000000dc080000,0x00000000dcb80000)
 ParOldGen       total 131072K, used 2798K [0x0000000080000000, 0x0000000088000000, 0x00000000d5580000)
  object space 131072K, 2% used [0x0000000080000000,0x00000000802bbba0,0x0000000088000000)
 Metaspace       used 20486K, capacity 21146K, committed 21248K, reserved 1067008K
  class space    used 2854K, capacity 3033K, committed 3072K, reserved 1048576K
Event: 13.866 GC heap after
Heap after GC invocations=6 (full 1):
 PSYoungGen      total 57344K, used 0K [0x00000000d5580000, 0x00000000dcb80000, 0x0000000100000000)
  eden space 49152K, 0% used [0x00000000d5580000,0x00000000d5580000,0x00000000d8580000)
  from space 8192K, 0% used [0x00000000d8580000,0x00000000d8580000,0x00000000d8d80000)
  to   space 11264K, 0% used [0x00000000dc080000,0x00000000dc080000,0x00000000dcb80000)
 ParOldGen       total 67072K, used 7425K [0x0000000080000000, 0x0000000084180000, 0x00000000d5580000)
  object space 67072K, 11% used [0x0000000080000000,0x00000000807406c8,0x0000000084180000)
 Metaspace       used 20486K, capacity 21146K, committed 21248K, reserved 1067008K
  class space    used 2854K, capacity 3033K, committed 3072K, reserved 1048576K
}
Event: 16.622 GC heap before
{Heap before GC invocations=7 (full 1):
 PSYoungGen      total 57344K, used 49152K [0x00000000d5580000, 0x00000000dcb80000, 0x0000000100000000)
  eden space 49152K, 100% used [0x00000000d5580000,0x00000000d8580000,0x00000000d8580000)
  from space 8192K, 0% used [0x00000000d8580000,0x00000000d8580000,0x00000000d8d80000)
  to   space 11264K, 0% used [0x00000000dc080000,0x00000000dc080000,0x00000000dcb80000)
 ParOldGen       total 67072K, used 7425K [0x0000000080000000, 0x0000000084180000, 0x00000000d5580000)
  object space 67072K, 11% used [0x0000000080000000,0x00000000807406c8,0x0000000084180000)
 Metaspace       used 23217K, capacity 24250K, committed 24576K, reserved 1071104K
  class space    used 3293K, capacity 3557K, committed 3584K, reserved 1048576K
Event: 16.645 GC heap after
Heap after GC invocations=7 (full 1):
 PSYoungGen      total 93184K, used 3846K [0x00000000d5580000, 0x00000000dc480000, 0x0000000100000000)
  eden space 89088K, 0% used [0x00000000d5580000,0x00000000d5580000,0x00000000dac80000)
  from space 4096K, 93% used [0x00000000dc080000,0x00000000dc441838,0x00000000dc480000)
  to   space 11776K, 0% used [0x00000000dad80000,0x00000000dad80000,0x00000000db900000)
 ParOldGen       total 67072K, used 7425K [0x0000000080000000, 0x0000000084180000, 0x00000000d5580000)
  object space 67072K, 11% used [0x0000000080000000,0x00000000807406c8,0x0000000084180000)
 Metaspace       used 23217K, capacity 24250K, committed 24576K, reserved 1071104K
  class space    used 3293K, capacity 3557K, committed 3584K, reserved 1048576K
}
Event: 22.071 GC heap before
{Heap before GC invocations=8 (full 1):
 PSYoungGen      total 93184K, used 92934K [0x00000000d5580000, 0x00000000dc480000, 0x0000000100000000)
  eden space 89088K, 100% used [0x00000000d5580000,0x00000000dac80000,0x00000000dac80000)
  from space 4096K, 93% used [0x00000000dc080000,0x00000000dc441838,0x00000000dc480000)
  to   space 11776K, 0% used [0x00000000dad80000,0x00000000dad80000,0x00000000db900000)
 ParOldGen       total 67072K, used 7425K [0x0000000080000000, 0x0000000084180000, 0x00000000d5580000)
  object space 67072K, 11% used [0x0000000080000000,0x00000000807406c8,0x0000000084180000)
 Metaspace       used 32997K, capacity 34174K, committed 34304K, reserved 1079296K
  class space    used 4479K, capacity 4786K, committed 4864K, reserved 1048576K
Event: 22.115 GC heap after
Heap after GC invocations=8 (full 1):
 PSYoungGen      total 101888K, used 11449K [0x00000000d5580000, 0x00000000e0a80000, 0x0000000100000000)
  eden space 90112K, 0% used [0x00000000d5580000,0x00000000d5580000,0x00000000dad80000)
  from space 11776K, 97% used [0x00000000dad80000,0x00000000db8ae4f0,0x00000000db900000)
  to   space 13312K, 0% used [0x00000000dfd80000,0x00000000dfd80000,0x00000000e0a80000)
 ParOldGen       total 67072K, used 7433K [0x0000000080000000, 0x0000000084180000, 0x00000000d5580000)
  object space 67072K, 11% used [0x0000000080000000,0x00000000807426c8,0x0000000084180000)
 Metaspace       used 32997K, capacity 34174K, committed 34304K, reserved 1079296K
  class space    used 4479K, capacity 4786K, committed 4864K, reserved 1048576K
}
Event: 24.482 GC heap before
{Heap before GC invocations=9 (full 1):
 PSYoungGen      total 101888K, used 35252K [0x00000000d5580000, 0x00000000e0a80000, 0x0000000100000000)
  eden space 90112K, 26% used [0x00000000d5580000,0x00000000d6cbeca0,0x00000000dad80000)
  from space 11776K, 97% used [0x00000000dad80000,0x00000000db8ae4f0,0x00000000db900000)
  to   space 13312K, 0% used [0x00000000dfd80000,0x00000000dfd80000,0x00000000e0a80000)
 ParOldGen       total 67072K, used 7433K [0x0000000080000000, 0x0000000084180000, 0x00000000d5580000)
  object space 67072K, 11% used [0x0000000080000000,0x00000000807426c8,0x0000000084180000)
 Metaspace       used 33998K, capacity 35338K, committed 35416K, reserved 1079296K
  class space    used 4592K, capacity 4910K, committed 4952K, reserved 1048576K
Event: 24.494 GC heap after
Heap after GC invocations=9 (full 1):
 PSYoungGen      total 168960K, used 7693K [0x00000000d5580000, 0x00000000e0880000, 0x0000000100000000)
  eden space 157696K, 0% used [0x00000000d5580000,0x00000000d5580000,0x00000000def80000)
  from space 11264K, 68% used [0x00000000dfd80000,0x00000000e05035d0,0x00000000e0880000)
  to   space 12800K, 0% used [0x00000000def80000,0x00000000def80000,0x00000000dfc00000)
 ParOldGen       total 67072K, used 7441K [0x0000000080000000, 0x0000000084180000, 0x00000000d5580000)
  object space 67072K, 11% used [0x0000000080000000,0x00000000807446c8,0x0000000084180000)
 Metaspace       used 33998K, capacity 35338K, committed 35416K, reserved 1079296K
  class space    used 4592K, capacity 4910K, committed 4952K, reserved 1048576K
}
Event: 24.494 GC heap before
{Heap before GC invocations=10 (full 2):
 PSYoungGen      total 168960K, used 7693K [0x00000000d5580000, 0x00000000e0880000, 0x0000000100000000)
  eden space 157696K, 0% used [0x00000000d5580000,0x00000000d5580000,0x00000000def80000)
  from space 11264K, 68% used [0x00000000dfd80000,0x00000000e05035d0,0x00000000e0880000)
  to   space 12800K, 0% used [0x00000000def80000,0x00000000def80000,0x00000000dfc00000)
 ParOldGen       total 67072K, used 7441K [0x0000000080000000, 0x0000000084180000, 0x00000000d5580000)
  object space 67072K, 11% used [0x0000000080000000,0x00000000807446c8,0x0000000084180000)
 Metaspace       used 33998K, capacity 35338K, committed 35416K, reserved 1079296K
  class space    used 4592K, capacity 4910K, committed 4952K, reserved 1048576K
Event: 24.692 GC heap after
Heap after GC invocations=10 (full 2):
 PSYoungGen      total 168960K, used 0K [0x00000000d5580000, 0x00000000e0880000, 0x0000000100000000)
  eden space 157696K, 0% used [0x00000000d5580000,0x00000000d5580000,0x00000000def80000)
  from space 11264K, 0% used [0x00000000dfd80000,0x00000000dfd80000,0x00000000e0880000)
  to   space 12800K, 0% used [0x00000000def80000,0x00000000def80000,0x00000000dfc00000)
 ParOldGen       total 98304K, used 13849K [0x0000000080000000, 0x0000000086000000, 0x00000000d5580000)
  object space 98304K, 14% used [0x0000000080000000,0x0000000080d86670,0x0000000086000000)
 Metaspace       used 33998K, capacity 35338K, committed 35416K, reserved 1079296K
  class space    used 4592K, capacity 4910K, committed 4952K, reserved 1048576K
}

Deoptimization events (10 events):
Event: 25.824 Thread 0x000000001902c800 Uncommon trap: reason=unstable_if action=reinterpret pc=0x0000000003031014 method=java.net.URLStreamHandler.sameFile(Ljava/net/URL;Ljava/net/URL;)Z @ 63
Event: 25.828 Thread 0x000000001902c800 Uncommon trap: reason=unstable_if action=reinterpret pc=0x00000000030373dc method=java.net.URLStreamHandler.sameFile(Ljava/net/URL;Ljava/net/URL;)Z @ 63
Event: 26.615 Thread 0x000000001902c800 Uncommon trap: reason=unstable_if action=reinterpret pc=0x000000000346b530 method=java.lang.ClassLoader.checkCerts(Ljava/lang/String;Ljava/security/CodeSource;)V @ 29
Event: 26.628 Thread 0x000000001902c800 Uncommon trap: reason=unstable_if action=reinterpret pc=0x000000000316914c method=java.util.WeakHashMap.put(Ljava/lang/Object;Ljava/lang/Object;)Ljava/lang/Object; @ 59
Event: 26.845 Thread 0x000000001902c800 Uncommon trap: reason=unstable_if action=reinterpret pc=0x00000000032f8f78 method=org.gradle.internal.reflect.PropertyAccessorType.isGetGetterName(Ljava/lang/String;)Z @ 14
Event: 26.923 Thread 0x000000001902c800 Uncommon trap: reason=unstable_if action=reinterpret pc=0x0000000003040bd4 method=java.net.URLStreamHandler.sameFile(Ljava/net/URL;Ljava/net/URL;)Z @ 63
Event: 27.554 Thread 0x000000001902c800 Uncommon trap: reason=unstable_if action=reinterpret pc=0x0000000003003ce0 method=java.net.URI.match(CJJ)Z @ 45
Event: 29.855 Thread 0x000000001cef5800 Uncommon trap: reason=unstable_if action=reinterpret pc=0x0000000002ff09dc method=java.util.concurrent.SynchronousQueue$TransferStack.shouldSpin(Ljava/util/concurrent/SynchronousQueue$TransferStack$SNode;)Z @ 7
Event: 30.019 Thread 0x000000001902c800 Uncommon trap: reason=unstable_if action=reinterpret pc=0x0000000002d8482c method=java.util.jar.JarFile.match([C[B[I[I)Z @ 29
Event: 31.033 Thread 0x000000001902c800 Uncommon trap: reason=unstable_if action=reinterpret pc=0x000000000313643c method=java.io.BufferedInputStream.read([BII)I @ 56

Classes redefined (0 events):
No events

Internal exceptions (10 events):
Event: 30.318 Thread 0x000000001902c800 Exception <a 'java/lang/ClassNotFoundException': org/gradle/api/internal/ConventionTaskBeanInfo> (0x00000000ddc49a30) thrown at [C:\src\AOSP-openjdk-git\hotspot\src\share\vm\classfile\systemDictionary.cpp, line 210]
Event: 30.320 Thread 0x000000001902c800 Exception <a 'java/lang/ClassNotFoundException': org/gradle/api/DefaultTaskBeanInfo> (0x00000000ddc748a8) thrown at [C:\src\AOSP-openjdk-git\hotspot\src\share\vm\classfile\systemDictionary.cpp, line 210]
Event: 30.323 Thread 0x000000001902c800 Exception <a 'java/lang/ClassNotFoundException': org/gradle/api/internal/AbstractTaskBeanInfo> (0x00000000ddca7708) thrown at [C:\src\AOSP-openjdk-git\hotspot\src\share\vm\classfile\systemDictionary.cpp, line 210]
Event: 30.325 Thread 0x000000001902c800 Exception <a 'java/lang/ClassNotFoundException': org/gradle/api/internal/AbstractTaskCustomizer> (0x00000000ddcdb3c0) thrown at [C:\src\AOSP-openjdk-git\hotspot\src\share\vm\classfile\systemDictionary.cpp, line 210]
Event: 30.330 Thread 0x000000001902c800 Exception <a 'java/lang/ClassNotFoundException': org/gradle/api/DefaultTaskCustomizer> (0x00000000ddd6f070) thrown at [C:\src\AOSP-openjdk-git\hotspot\src\share\vm\classfile\systemDictionary.cpp, line 210]
Event: 30.332 Thread 0x000000001902c800 Exception <a 'java/lang/ClassNotFoundException': org/gradle/api/internal/ConventionTaskCustomizer> (0x00000000dddb4838) thrown at [C:\src\AOSP-openjdk-git\hotspot\src\share\vm\classfile\systemDictionary.cpp, line 210]
Event: 30.336 Thread 0x000000001902c800 Exception <a 'java/lang/ClassNotFoundException': org/gradle/api/tasks/DeleteCustomizer> (0x00000000dddf6888) thrown at [C:\src\AOSP-openjdk-git\hotspot\src\share\vm\classfile\systemDictionary.cpp, line 210]
Event: 30.340 Thread 0x000000001902c800 Exception <a 'java/lang/ClassNotFoundException': org/gradle/api/tasks/Delete_DecoratedCustomizer> (0x00000000dde46228) thrown at [C:\src\AOSP-openjdk-git\hotspot\src\share\vm\classfile\systemDictionary.cpp, line 210]
Event: 30.441 Thread 0x000000001902c800 Exception <a 'java/lang/ClassNotFoundException': build_2tpayufmtlkn78ue0yxodqd3mBeanInfo> (0x00000000ddfb92a0) thrown at [C:\src\AOSP-openjdk-git\hotspot\src\share\vm\classfile\systemDictionary.cpp, line 210]
Event: 30.442 Thread 0x000000001902c800 Exception <a 'java/lang/ClassNotFoundException': build_2tpayufmtlkn78ue0yxodqd3mCustomizer> (0x00000000ddfc4ee0) thrown at [C:\src\AOSP-openjdk-git\hotspot\src\share\vm\classfile\systemDictionary.cpp, line 210]

Events (10 events):
Event: 31.110 loading class org/gradle/internal/resources/SharedResource
Event: 31.110 loading class org/gradle/internal/resources/SharedResource done
Event: 31.115 loading class org/gradle/api/services/BuildServiceParameters
Event: 31.115 loading class org/gradle/api/services/BuildServiceParameters done
Event: 31.120 loading class org/gradle/api/services/internal/BuildServiceProvider
Event: 31.120 loading class org/gradle/api/services/internal/BuildServiceProvider done
Event: 31.127 loading class org/gradle/api/services/internal/DefaultBuildServicesRegistry$DefaultServiceRegistration
Event: 31.127 loading class org/gradle/api/services/internal/DefaultBuildServicesRegistry$DefaultServiceRegistration done
Event: 31.395 loading class org/gradle/api/services/BuildServiceRegistration
Event: 31.395 loading class org/gradle/api/services/BuildServiceRegistration done


Dynamic libraries:
0x00007ff6e7390000 - 0x00007ff6e73c1000 	C:\Program Files\Android\Android Studio\jre\bin\java.exe
0x00007fff61e60000 - 0x00007fff62050000 	C:\WINDOWS\SYSTEM32\ntdll.dll
0x00007fff61c90000 - 0x00007fff61d42000 	C:\WINDOWS\System32\KERNEL32.DLL
0x00007fff5f260000 - 0x00007fff5f505000 	C:\WINDOWS\System32\KERNELBASE.dll
0x00007fff600e0000 - 0x00007fff60183000 	C:\WINDOWS\System32\ADVAPI32.dll
0x00007fff61b90000 - 0x00007fff61c2e000 	C:\WINDOWS\System32\msvcrt.dll
0x00007fff60a40000 - 0x00007fff60ad7000 	C:\WINDOWS\System32\sechost.dll
0x00007fff608b0000 - 0x00007fff609d0000 	C:\WINDOWS\System32\RPCRT4.dll
0x00007fff5ff40000 - 0x00007fff600d4000 	C:\WINDOWS\System32\USER32.dll
0x00007fff5f6a0000 - 0x00007fff5f6c1000 	C:\WINDOWS\System32\win32u.dll
0x00007fff5ff10000 - 0x00007fff5ff36000 	C:\WINDOWS\System32\GDI32.dll
0x00007fff5efc0000 - 0x00007fff5f156000 	C:\WINDOWS\System32\gdi32full.dll
0x00007fff5f510000 - 0x00007fff5f5ae000 	C:\WINDOWS\System32\msvcp_win.dll
0x00007fff5f160000 - 0x00007fff5f25a000 	C:\WINDOWS\System32\ucrtbase.dll
0x00007fff4bc60000 - 0x00007fff4bee4000 	C:\WINDOWS\WinSxS\amd64_microsoft.windows.common-controls_6595b64144ccf1df_6.0.18362.1256_none_9e7e379be45e40e2\COMCTL32.dll
0x00007fff61850000 - 0x00007fff61b86000 	C:\WINDOWS\System32\combase.dll
0x00007fff5f610000 - 0x00007fff5f691000 	C:\WINDOWS\System32\bcryptPrimitives.dll
0x00007fff61580000 - 0x00007fff615ae000 	C:\WINDOWS\System32\IMM32.DLL
0x000000006d4f0000 - 0x000000006d5c2000 	C:\Program Files\Android\Android Studio\jre\jre\bin\msvcr100.dll
0x000000006d5d0000 - 0x000000006de1b000 	C:\Program Files\Android\Android Studio\jre\jre\bin\server\jvm.dll
0x00007fff61770000 - 0x00007fff61778000 	C:\WINDOWS\System32\PSAPI.DLL
0x00007fff5de40000 - 0x00007fff5de4a000 	C:\WINDOWS\SYSTEM32\VERSION.dll
0x00007fff5b810000 - 0x00007fff5b834000 	C:\WINDOWS\SYSTEM32\WINMM.dll
0x00007fff5b7e0000 - 0x00007fff5b80d000 	C:\WINDOWS\SYSTEM32\winmmbase.dll
0x00007fff5ef50000 - 0x00007fff5ef9a000 	C:\WINDOWS\System32\cfgmgr32.dll
0x00007fff5b660000 - 0x00007fff5b669000 	C:\WINDOWS\SYSTEM32\WSOCK32.dll
0x00007fff609d0000 - 0x00007fff60a3f000 	C:\WINDOWS\System32\ws2_32.DLL
0x00007fff5b650000 - 0x00007fff5b65f000 	C:\Program Files\Android\Android Studio\jre\jre\bin\verify.dll
0x00007fff585d0000 - 0x00007fff585f9000 	C:\Program Files\Android\Android Studio\jre\jre\bin\java.dll
0x00007fff585a0000 - 0x00007fff585b6000 	C:\Program Files\Android\Android Studio\jre\jre\bin\zip.dll
0x00007fff60b60000 - 0x00007fff61247000 	C:\WINDOWS\System32\SHELL32.dll
0x00007fff61250000 - 0x00007fff612f9000 	C:\WINDOWS\System32\shcore.dll
0x00007fff5f6d0000 - 0x00007fff5fe51000 	C:\WINDOWS\System32\windows.storage.dll
0x00007fff5ed30000 - 0x00007fff5ed53000 	C:\WINDOWS\System32\profapi.dll
0x00007fff5ed80000 - 0x00007fff5edca000 	C:\WINDOWS\System32\powrprof.dll
0x00007fff5ed00000 - 0x00007fff5ed10000 	C:\WINDOWS\System32\UMPDC.dll
0x00007fff60b00000 - 0x00007fff60b52000 	C:\WINDOWS\System32\shlwapi.dll
0x00007fff5ed10000 - 0x00007fff5ed21000 	C:\WINDOWS\System32\kernel.appcore.dll
0x00007fff5efa0000 - 0x00007fff5efb7000 	C:\WINDOWS\System32\cryptsp.dll
0x00007fff574b0000 - 0x00007fff574ca000 	C:\Program Files\Android\Android Studio\jre\jre\bin\net.dll
0x00007fff5e4f0000 - 0x00007fff5e557000 	C:\WINDOWS\system32\mswsock.dll
0x00007fff51930000 - 0x00007fff51943000 	C:\Program Files\Android\Android Studio\jre\jre\bin\nio.dll
0x00007fff50320000 - 0x00007fff50347000 	C:\Users\tzeyi\.gradle\native\f6784746aeab05261644944871eae4fe03e0ef1612fff0a4a95f87b438bc6780\windows-amd64\native-platform.dll
0x00007fff5b640000 - 0x00007fff5b64d000 	C:\Program Files\Android\Android Studio\jre\jre\bin\management.dll
0x00007fff5e060000 - 0x00007fff5e093000 	C:\WINDOWS\system32\rsaenh.dll
0x00007fff5ef20000 - 0x00007fff5ef46000 	C:\WINDOWS\System32\bcrypt.dll
0x00007fff5ebe0000 - 0x00007fff5ec05000 	C:\WINDOWS\SYSTEM32\USERENV.dll
0x00007fff5e6c0000 - 0x00007fff5e6cc000 	C:\WINDOWS\SYSTEM32\CRYPTBASE.dll
0x00007fff5e200000 - 0x00007fff5e23a000 	C:\WINDOWS\SYSTEM32\IPHLPAPI.DLL
0x00007fff602d0000 - 0x00007fff602d8000 	C:\WINDOWS\System32\NSI.dll
0x00007fff572c0000 - 0x00007fff572d6000 	C:\WINDOWS\SYSTEM32\dhcpcsvc6.DLL
0x00007fff57e50000 - 0x00007fff57e6c000 	C:\WINDOWS\SYSTEM32\dhcpcsvc.DLL
0x00007fff5e240000 - 0x00007fff5e30b000 	C:\WINDOWS\SYSTEM32\DNSAPI.dll
0x00007fff58890000 - 0x00007fff5889b000 	C:\WINDOWS\SYSTEM32\WINNSI.DLL

VM Arguments:
jvm_args: -Xmx2048m -Dfile.encoding=windows-1252 -Duser.country=MY -Duser.language=en -Duser.variant 
java_command: org.gradle.launcher.daemon.bootstrap.GradleDaemon 6.5
java_class_path (initial): C:\Users\tzeyi\.gradle\wrapper\dists\gradle-6.5-bin\6nifqtx7604sqp1q6g8wikw7p\gradle-6.5\lib\gradle-launcher-6.5.jar
Launcher Type: SUN_STANDARD

Environment Variables:
PATH=C:\Program Files (x86)\Common Files\Oracle\Java\javapath;C:\Program Files\Java\jdk-13.0.2\bin;C:\Program Files\Java\jdk-12.0.1\bin;C:\Program Files\Java\jdk-11.0.1\bin;C:\Gradle\gradle-6.0.1\bin;C:\Program Files\Haskell\bin;C:\Program Files\Haskell Platform\8.6.3\lib\extralibs\bin;C:\Program Files\Haskell Platform\8.6.3\bin;C:\Program Files\Haskell Platform\8.6.3\mingw\bin;C:\Program Files\nodejs\;C:\Users\tzeyi\AppData\Local\Programs\Python\Python38-32;C:\Program Files\MATLAB\R2019b\runtime\win64;C:\Program Files\MATLAB\R2019b\bin;C:\Program Files\Git\cmd;C:\Program Files (x86)\C-Free 5\mingw\bin;C:\xampp\php;C:\WINDOWS\system32;C:\WINDOWS;C:\WINDOWS\System32\Wbem;C:\WINDOWS\System32\WindowsPowerShell\v1.0\;C:\WINDOWS\System32\OpenSSH\;C:\Program Files\dotnet\;C:\Program Files\Microsoft SQL Server\130\Tools\Binn\;C:\Program Files\PuTTY\;C:\ProgramData\ComposerSetup\bin;C:\Program Files\Sublime Text 3;C:\Users\tzeyi\AppData\Local\Android\Sdk\platform-tools;C:\Users\tzeyi\AppData\Local\Programs\Python\Python38-32\Scripts\;C:\Users\tzeyi\AppData\Local\Programs\Python\Python38-32\;C:\Users\tzeyi\AppData\Roaming\cabal\bin;C:\Users\tzeyi\AppData\Roaming\local\bin;C:\Users\tzeyi\AppData\Local\Microsoft\WindowsApps;C:\Users\tzeyi\AppData\Local\GitHubDesktop\bin;C:\Program Files\JetBrains\PyCharm Community Edition 191.6014.12\bin;C:\Program Files\Docker Toolbox;C:\Users\tzeyi\Desktop\XXX;C:\Users\tzeyi\AppData\Local\atom\bin;C:\Users\tzeyi\AppData\Local\hyper\app-3.0.2\resources\bin;C:\Users\tzeyi\AppData\Local\Microsoft\WindowsApps;C:\Users\tzeyi\AppData\Roaming\npm;C:\Program Files\JetBrains\IntelliJ IDEA 2019.3.2\bin;;C:\Users\tzeyi\AppData\Local\Programs\Microsoft VS Code\bin;C:\Users\tzeyi\AppData\Roaming\Composer\vendor\bin
USERNAME=tzeyi
OS=Windows_NT
PROCESSOR_IDENTIFIER=Intel64 Family 6 Model 61 Stepping 4, GenuineIntel



---------------  S Y S T E M  ---------------

OS: Windows 10.0 , 64 bit Build 18362 (10.0.18362.1110)

CPU:total 4 (initial active 4) (2 cores per cpu, 2 threads per core) family 6 model 61 stepping 4, cmov, cx8, fxsr, mmx, sse, sse2, sse3, ssse3, sse4.1, sse4.2, popcnt, avx, avx2, aes, clmul, erms, 3dnowpref, lzcnt, ht, tsc, tscinvbit, bmi1, bmi2, adx

Memory: 4k page, physical 12500528k(1494340k free), swap 38100524k(4148k free)

vm_info: OpenJDK 64-Bit Server VM (25.242-b01) for windows-amd64 JRE (1.8.0_242-release-1644-b01), built by "builder" with MS VC++ 10.0 (VS2010)

time: Fri Dec 25 23:18:15 2020
timezone: Malay Peninsula Standard Time
elapsed time: 31 seconds (0d 0h 0m 31s)

