#
# There is insufficient memory for the Java Runtime Environment to continue.
# Native memory allocation (malloc) failed to allocate 2259696 bytes for Chunk::new
# Possible reasons:
#   The system is out of physical RAM or swap space
#   The process is running with CompressedOops enabled, and the Java Heap may be blocking the growth of the native heap
# Possible solutions:
#   Reduce memory load on the system
#   Increase physical memory or swap space
#   Check if swap backing store is full
#   Decrease Java heap size (-Xmx/-Xms)
#   Decrease number of Java threads
#   Decrease Java thread stack sizes (-Xss)
#   Set larger code cache with -XX:ReservedCodeCacheSize=
#   JVM is running with Unscaled Compressed Oops mode in which the Java heap is
#     placed in the first 4GB address space. The Java Heap base address is the
#     maximum limit for the native heap growth. Please use -XX:HeapBaseMinAddress
#     to set the Java Heap base and to place the Java Heap above 4GB virtual address.
# This output file may be truncated or incomplete.
#
#  Out of Memory Error (allocation.cpp:389), pid=25028, tid=0x0000000000005028
#
# JRE version: OpenJDK Runtime Environment (8.0_242-b01) (build 1.8.0_242-release-1644-b01)
# Java VM: OpenJDK 64-Bit Server VM (25.242-b01 mixed mode windows-amd64 compressed oops)
# Failed to write core dump. Minidumps are not enabled by default on client versions of Windows
#

---------------  T H R E A D  ---------------

Current thread (0x0000000017432000):  JavaThread "C2 CompilerThread1" daemon [_thread_in_native, id=20520, stack(0x0000000018b80000,0x0000000018c80000)]

Stack: [0x0000000018b80000,0x0000000018c80000]
[error occurred during error reporting (printing stack bounds), id 0xc0000005]

Native frames: (J=compiled Java code, j=interpreted, Vv=VM code, C=native code)


Current CompileTask:
C2:  31296 4289   !   4       java.security.SecureClassLoader::getProtectionDomain (114 bytes)


---------------  P R O C E S S  ---------------

Java Threads: ( => current thread )
  0x000000001d556800 JavaThread "jar transforms Thread 92" [_thread_blocked, id=26436, stack(0x0000000028420000,0x0000000028520000)]
  0x000000001d557800 JavaThread "jar transforms Thread 91" [_thread_blocked, id=26404, stack(0x0000000028320000,0x0000000028420000)]
  0x000000001d54f000 JavaThread "jar transforms Thread 90" [_thread_blocked, id=17084, stack(0x0000000028220000,0x0000000028320000)]
  0x000000001d553800 JavaThread "jar transforms Thread 89" [_thread_blocked, id=25328, stack(0x0000000028120000,0x0000000028220000)]
  0x000000001d551800 JavaThread "jar transforms Thread 88" [_thread_blocked, id=25956, stack(0x0000000028020000,0x0000000028120000)]
  0x000000001d555000 JavaThread "jar transforms Thread 87" [_thread_blocked, id=24892, stack(0x0000000027f20000,0x0000000028020000)]
  0x000000001d550800 JavaThread "jar transforms Thread 86" [_thread_blocked, id=25500, stack(0x0000000027e20000,0x0000000027f20000)]
  0x000000001d556000 JavaThread "jar transforms Thread 85" [_thread_blocked, id=20620, stack(0x0000000027d20000,0x0000000027e20000)]
  0x000000001d552000 JavaThread "jar transforms Thread 84" [_thread_blocked, id=23204, stack(0x0000000027c20000,0x0000000027d20000)]
  0x000000001d550000 JavaThread "jar transforms Thread 83" [_thread_blocked, id=25768, stack(0x0000000027b20000,0x0000000027c20000)]
  0x000000001d549000 JavaThread "jar transforms Thread 82" [_thread_blocked, id=23448, stack(0x0000000027a20000,0x0000000027b20000)]
  0x000000001d54d800 JavaThread "jar transforms Thread 81" [_thread_blocked, id=21916, stack(0x0000000027920000,0x0000000027a20000)]
  0x000000001d54d000 JavaThread "jar transforms Thread 80" [_thread_blocked, id=15888, stack(0x0000000027820000,0x0000000027920000)]
  0x000000001d54b800 JavaThread "jar transforms Thread 79" [_thread_blocked, id=6812, stack(0x0000000027720000,0x0000000027820000)]
  0x000000001d54a800 JavaThread "jar transforms Thread 78" [_thread_blocked, id=22188, stack(0x0000000027620000,0x0000000027720000)]
  0x000000001d54a000 JavaThread "jar transforms Thread 77" [_thread_blocked, id=25100, stack(0x0000000027520000,0x0000000027620000)]
  0x000000001d54c000 JavaThread "jar transforms Thread 76" [_thread_blocked, id=22228, stack(0x0000000027420000,0x0000000027520000)]
  0x000000001d54e800 JavaThread "jar transforms Thread 75" [_thread_blocked, id=23220, stack(0x0000000027320000,0x0000000027420000)]
  0x000000001cd05000 JavaThread "jar transforms Thread 74" [_thread_blocked, id=21856, stack(0x0000000027220000,0x0000000027320000)]
  0x000000001cd03800 JavaThread "jar transforms Thread 73" [_thread_blocked, id=21440, stack(0x0000000027120000,0x0000000027220000)]
  0x000000001cd02800 JavaThread "jar transforms Thread 72" [_thread_blocked, id=23960, stack(0x0000000027020000,0x0000000027120000)]
  0x000000001cd01000 JavaThread "jar transforms Thread 71" [_thread_blocked, id=23348, stack(0x0000000026f20000,0x0000000027020000)]
  0x000000001cd04000 JavaThread "jar transforms Thread 70" [_thread_blocked, id=24676, stack(0x0000000026e20000,0x0000000026f20000)]
  0x000000001cd02000 JavaThread "jar transforms Thread 69" [_thread_blocked, id=26296, stack(0x0000000026d20000,0x0000000026e20000)]
  0x000000001ccf9800 JavaThread "jar transforms Thread 68" [_thread_blocked, id=23996, stack(0x0000000026c20000,0x0000000026d20000)]
  0x000000001ccfb000 JavaThread "jar transforms Thread 67" [_thread_blocked, id=25384, stack(0x0000000026b20000,0x0000000026c20000)]
  0x000000001cd00800 JavaThread "jar transforms Thread 66" [_thread_blocked, id=25728, stack(0x0000000026a20000,0x0000000026b20000)]
  0x000000001ccf9000 JavaThread "jar transforms Thread 65" [_thread_blocked, id=23200, stack(0x0000000026920000,0x0000000026a20000)]
  0x000000001ccff800 JavaThread "jar transforms Thread 64" [_thread_blocked, id=24640, stack(0x0000000026820000,0x0000000026920000)]
  0x000000001ccff000 JavaThread "jar transforms Thread 63" [_thread_blocked, id=26104, stack(0x0000000026720000,0x0000000026820000)]
  0x000000001ccfd800 JavaThread "jar transforms Thread 62" [_thread_blocked, id=25692, stack(0x0000000026620000,0x0000000026720000)]
  0x000000001ccfe000 JavaThread "jar transforms Thread 61" [_thread_blocked, id=26156, stack(0x0000000026520000,0x0000000026620000)]
  0x000000001ccfa800 JavaThread "jar transforms Thread 60" [_thread_blocked, id=12648, stack(0x0000000026420000,0x0000000026520000)]
  0x000000001ccf8000 JavaThread "jar transforms Thread 59" [_thread_blocked, id=23532, stack(0x0000000026320000,0x0000000026420000)]
  0x000000001ccf6000 JavaThread "jar transforms Thread 58" [_thread_blocked, id=23208, stack(0x0000000026220000,0x0000000026320000)]
  0x000000001ccfc800 JavaThread "jar transforms Thread 57" [_thread_blocked, id=8280, stack(0x0000000026120000,0x0000000026220000)]
  0x000000001ccfc000 JavaThread "jar transforms Thread 56" [_thread_blocked, id=21052, stack(0x0000000026020000,0x0000000026120000)]
  0x000000001ccf6800 JavaThread "jar transforms Thread 55" [_thread_blocked, id=24036, stack(0x0000000025f20000,0x0000000026020000)]
  0x000000001ccf7800 JavaThread "jar transforms Thread 54" [_thread_blocked, id=1836, stack(0x0000000025e20000,0x0000000025f20000)]
  0x0000000022ccb000 JavaThread "jar transforms Thread 53" [_thread_blocked, id=20636, stack(0x0000000025d20000,0x0000000025e20000)]
  0x0000000022cca000 JavaThread "jar transforms Thread 52" [_thread_blocked, id=5776, stack(0x0000000025c20000,0x0000000025d20000)]
  0x0000000022cd0000 JavaThread "jar transforms Thread 51" [_thread_blocked, id=22716, stack(0x0000000025b20000,0x0000000025c20000)]
  0x0000000022ccc800 JavaThread "jar transforms Thread 50" [_thread_blocked, id=20836, stack(0x0000000025a20000,0x0000000025b20000)]
  0x0000000022cce800 JavaThread "jar transforms Thread 49" [_thread_blocked, id=12504, stack(0x0000000025920000,0x0000000025a20000)]
  0x0000000022cce000 JavaThread "jar transforms Thread 48" [_thread_blocked, id=22200, stack(0x0000000025820000,0x0000000025920000)]
  0x0000000022ccd000 JavaThread "jar transforms Thread 47" [_thread_blocked, id=828, stack(0x0000000025720000,0x0000000025820000)]
  0x0000000022ccf800 JavaThread "jar transforms Thread 46" [_thread_blocked, id=25740, stack(0x0000000025620000,0x0000000025720000)]
  0x0000000022ccb800 JavaThread "jar transforms Thread 45" [_thread_blocked, id=16148, stack(0x0000000025520000,0x0000000025620000)]
  0x0000000022cc9800 JavaThread "jar transforms Thread 44" [_thread_blocked, id=24300, stack(0x0000000025420000,0x0000000025520000)]
  0x0000000022cc5000 JavaThread "jar transforms Thread 43" [_thread_blocked, id=23396, stack(0x0000000025320000,0x0000000025420000)]
  0x0000000022cc8800 JavaThread "jar transforms Thread 42" [_thread_blocked, id=20300, stack(0x0000000025220000,0x0000000025320000)]
  0x0000000022cc1000 JavaThread "jar transforms Thread 41" [_thread_blocked, id=25648, stack(0x0000000025120000,0x0000000025220000)]
  0x0000000022cc8000 JavaThread "jar transforms Thread 40" [_thread_blocked, id=25684, stack(0x0000000025020000,0x0000000025120000)]
  0x0000000022cc7000 JavaThread "jar transforms Thread 39" [_thread_blocked, id=22976, stack(0x0000000024f20000,0x0000000025020000)]
  0x0000000022cc3800 JavaThread "jar transforms Thread 38" [_thread_blocked, id=17488, stack(0x0000000024e20000,0x0000000024f20000)]
  0x0000000022cc2800 JavaThread "jar transforms Thread 37" [_thread_blocked, id=908, stack(0x0000000024d20000,0x0000000024e20000)]
  0x0000000022cc6800 JavaThread "jar transforms Thread 36" [_thread_blocked, id=26488, stack(0x0000000024c20000,0x0000000024d20000)]
  0x0000000022cc4000 JavaThread "jar transforms Thread 35" [_thread_blocked, id=23736, stack(0x0000000024b20000,0x0000000024c20000)]
  0x0000000022cc5800 JavaThread "jar transforms Thread 34" [_thread_blocked, id=11488, stack(0x0000000024a20000,0x0000000024b20000)]
  0x0000000022cc2000 JavaThread "jar transforms Thread 33" [_thread_blocked, id=24884, stack(0x0000000024920000,0x0000000024a20000)]
  0x000000001c719000 JavaThread "jar transforms Thread 32" [_thread_blocked, id=7688, stack(0x0000000024820000,0x0000000024920000)]
  0x000000001c718000 JavaThread "jar transforms Thread 31" [_thread_blocked, id=20784, stack(0x0000000024720000,0x0000000024820000)]
  0x000000001c716000 JavaThread "jar transforms Thread 30" [_thread_blocked, id=25712, stack(0x0000000024620000,0x0000000024720000)]
  0x000000001c715000 JavaThread "jar transforms Thread 29" [_thread_blocked, id=19640, stack(0x0000000024520000,0x0000000024620000)]
  0x000000001c719800 JavaThread "jar transforms Thread 28" [_thread_blocked, id=24828, stack(0x0000000024420000,0x0000000024520000)]
  0x000000001c716800 JavaThread "jar transforms Thread 27" [_thread_blocked, id=19644, stack(0x0000000024320000,0x0000000024420000)]
  0x000000001c714800 JavaThread "jar transforms Thread 26" [_thread_blocked, id=10688, stack(0x0000000024220000,0x0000000024320000)]
  0x000000001c717800 JavaThread "jar transforms Thread 25" [_thread_blocked, id=25860, stack(0x0000000024120000,0x0000000024220000)]
  0x000000001c70d000 JavaThread "jar transforms Thread 24" [_thread_blocked, id=25080, stack(0x0000000024020000,0x0000000024120000)]
  0x000000001c713800 JavaThread "jar transforms Thread 23" [_thread_blocked, id=25828, stack(0x0000000023f20000,0x0000000024020000)]
  0x000000001c713000 JavaThread "jar transforms Thread 22" [_thread_blocked, id=23100, stack(0x0000000023e20000,0x0000000023f20000)]
  0x000000001c710800 JavaThread "jar transforms Thread 21" [_thread_blocked, id=25796, stack(0x0000000023d20000,0x0000000023e20000)]
  0x000000001c712000 JavaThread "Build operations Thread 4" [_thread_blocked, id=26276, stack(0x0000000023a20000,0x0000000023b20000)]
  0x000000001c70a800 JavaThread "Build operations Thread 3" [_thread_blocked, id=20740, stack(0x0000000023920000,0x0000000023a20000)]
  0x000000001c70f000 JavaThread "Build operations Thread 2" [_thread_blocked, id=25388, stack(0x0000000023820000,0x0000000023920000)]
  0x000000001c70c000 JavaThread "Build operations" [_thread_blocked, id=20844, stack(0x0000000023720000,0x0000000023820000)]
  0x000000001c70b800 JavaThread "Cache worker for Build Output Cleanup Cache (C:\Users\tzeyi\AndroidStudioProjects\RunningTracker\.gradle\buildOutputCleanup)" [_thread_blocked, id=22912, stack(0x0000000020e10000,0x0000000020f10000)]
  0x000000001a6d2800 JavaThread "Cache worker for file content cache (C:\Users\tzeyi\.gradle\caches\6.5\fileContent)" [_thread_blocked, id=16760, stack(0x0000000020d10000,0x0000000020e10000)]
  0x000000001a6d1800 JavaThread "Cache worker for execution history cache (C:\Users\tzeyi\.gradle\caches\6.5\executionHistory)" [_thread_blocked, id=24156, stack(0x0000000020810000,0x0000000020910000)]
  0x000000001a6ce800 JavaThread "Cache worker for cache directory md-rule (C:\Users\tzeyi\.gradle\caches\6.5\md-rule)" [_thread_blocked, id=6316, stack(0x0000000020510000,0x0000000020610000)]
  0x000000001a6d1000 JavaThread "Cache worker for cache directory md-supplier (C:\Users\tzeyi\.gradle\caches\6.5\md-supplier)" [_thread_blocked, id=14980, stack(0x0000000020410000,0x0000000020510000)]
  0x000000001a6ce000 JavaThread "Cache worker for checksums cache (C:\Users\tzeyi\AndroidStudioProjects\RunningTracker\.gradle\checksums)" [_thread_blocked, id=9236, stack(0x0000000020310000,0x0000000020410000)]
  0x000000001a6d0000 JavaThread "jar transforms Thread 20" [_thread_blocked, id=12728, stack(0x0000000020010000,0x0000000020110000)]
  0x000000001a6c6800 JavaThread "jar transforms Thread 19" [_thread_blocked, id=26060, stack(0x000000001ff10000,0x0000000020010000)]
  0x000000001a6cd000 JavaThread "jar transforms Thread 18" [_thread_blocked, id=25432, stack(0x000000001fe10000,0x000000001ff10000)]
  0x000000001a6c5800 JavaThread "jar transforms Thread 17" [_thread_blocked, id=15904, stack(0x000000001fd10000,0x000000001fe10000)]
  0x000000001a6cc800 JavaThread "jar transforms Thread 16" [_thread_blocked, id=20184, stack(0x000000001fc10000,0x000000001fd10000)]
  0x000000001a6c5000 JavaThread "jar transforms Thread 15" [_thread_blocked, id=7976, stack(0x000000001fb10000,0x000000001fc10000)]
  0x000000001a6c8800 JavaThread "jar transforms Thread 14" [_thread_blocked, id=21308, stack(0x000000001fa10000,0x000000001fb10000)]
  0x000000001a6c7000 JavaThread "jar transforms Thread 13" [_thread_blocked, id=21536, stack(0x000000001f910000,0x000000001fa10000)]
  0x000000001a6cb800 JavaThread "jar transforms Thread 12" [_thread_blocked, id=22624, stack(0x000000001f810000,0x000000001f910000)]
  0x000000001a6cb000 JavaThread "jar transforms Thread 11" [_thread_blocked, id=22036, stack(0x000000001f710000,0x000000001f810000)]
  0x000000001a6c4000 JavaThread "jar transforms Thread 10" [_thread_blocked, id=22576, stack(0x000000001f610000,0x000000001f710000)]
  0x000000001a6c8000 JavaThread "jar transforms Thread 9" [_thread_blocked, id=2616, stack(0x000000001f510000,0x000000001f610000)]
  0x000000001a6c3800 JavaThread "jar transforms Thread 8" [_thread_blocked, id=25964, stack(0x000000001f410000,0x000000001f510000)]
  0x000000001a6ca000 JavaThread "jar transforms Thread 7" [_thread_blocked, id=20180, stack(0x000000001f310000,0x000000001f410000)]
  0x000000001a6c9800 JavaThread "jar transforms Thread 6" [_thread_blocked, id=21452, stack(0x000000001f210000,0x000000001f310000)]
  0x000000001901c000 JavaThread "jar transforms Thread 5" [_thread_blocked, id=25048, stack(0x000000001f110000,0x000000001f210000)]
  0x0000000019020000 JavaThread "jar transforms Thread 4" [_thread_blocked, id=24624, stack(0x000000001f010000,0x000000001f110000)]
  0x000000001901d000 JavaThread "jar transforms Thread 3" [_thread_blocked, id=24524, stack(0x000000001ef10000,0x000000001f010000)]
  0x0000000019023000 JavaThread "jar transforms Thread 2" [_thread_blocked, id=25868, stack(0x000000001ee10000,0x000000001ef10000)]
  0x0000000019022000 JavaThread "jar transforms" [_thread_blocked, id=22524, stack(0x000000001ed10000,0x000000001ee10000)]
  0x0000000019021800 JavaThread "Cache worker for file hash cache (C:\Users\tzeyi\AndroidStudioProjects\RunningTracker\.gradle\6.5\fileHashes)" [_thread_blocked, id=23860, stack(0x000000001e930000,0x000000001ea30000)]
  0x000000001901d800 JavaThread "File lock release action executor" [_thread_blocked, id=26492, stack(0x000000001e470000,0x000000001e570000)]
  0x000000001901e800 JavaThread "Cache worker for file hash cache (C:\Users\tzeyi\.gradle\caches\6.5\fileHashes)" [_thread_blocked, id=23316, stack(0x000000001e830000,0x000000001e930000)]
  0x000000001901f000 JavaThread "File lock request listener" [_thread_in_native, id=20324, stack(0x000000001d3a0000,0x000000001d4a0000)]
  0x0000000019020800 JavaThread "Cache worker for journal cache (C:\Users\tzeyi\.gradle\caches\journal-1)" [_thread_blocked, id=22408, stack(0x000000001d1a0000,0x000000001d2a0000)]
  0x000000001a5b1800 JavaThread "Thread-9" [_thread_blocked, id=16572, stack(0x000000001bed0000,0x000000001bfd0000)]
  0x0000000019e95000 JavaThread "Stdin handler" [_thread_blocked, id=25748, stack(0x000000001bdd0000,0x000000001bed0000)]
  0x0000000019e92800 JavaThread "Asynchronous log dispatcher for DefaultDaemonConnection: socket connection from /127.0.0.1:61455 to /127.0.0.1:61464" [_thread_blocked, id=1596, stack(0x000000001bcd0000,0x000000001bdd0000)]
  0x0000000019efa800 JavaThread "Daemon worker" [_thread_in_vm, id=1852, stack(0x000000001bbd0000,0x000000001bcd0000)]
  0x0000000019ef8800 JavaThread "Cancel handler" [_thread_blocked, id=13776, stack(0x000000001bad0000,0x000000001bbd0000)]
  0x0000000018f06000 JavaThread "Handler for socket connection from /127.0.0.1:61455 to /127.0.0.1:61464" [_thread_in_native, id=4168, stack(0x000000001b9d0000,0x000000001bad0000)]
  0x0000000018f03800 JavaThread "Daemon" [_thread_blocked, id=12272, stack(0x000000001b6d0000,0x000000001b7d0000)]
  0x0000000019bd3800 JavaThread "Daemon periodic checks" [_thread_blocked, id=20116, stack(0x000000001b5d0000,0x000000001b6d0000)]
  0x0000000019102000 JavaThread "Incoming local TCP Connector on port 61455" [_thread_in_native, id=25876, stack(0x000000001b390000,0x000000001b490000)]
  0x000000001a0ba800 JavaThread "Daemon health stats" [_thread_blocked, id=24248, stack(0x000000001ad50000,0x000000001ae50000)]
  0x0000000018d88800 JavaThread "Service Thread" daemon [_thread_blocked, id=25792, stack(0x0000000019180000,0x0000000019280000)]
  0x0000000017435800 JavaThread "C1 CompilerThread2" daemon [_thread_blocked, id=26496, stack(0x0000000018c80000,0x0000000018d80000)]
=>0x0000000017432000 JavaThread "C2 CompilerThread1" daemon [_thread_in_native, id=20520, stack(0x0000000018b80000,0x0000000018c80000)]
  0x0000000017428000 JavaThread "C2 CompilerThread0" daemon [_thread_in_native, id=24412, stack(0x0000000018a80000,0x0000000018b80000)]
  0x0000000017426000 JavaThread "Attach Listener" daemon [_thread_blocked, id=26256, stack(0x0000000018980000,0x0000000018a80000)]
  0x0000000017423800 JavaThread "Signal Dispatcher" daemon [_thread_blocked, id=22856, stack(0x0000000018880000,0x0000000018980000)]
  0x00000000027fc000 JavaThread "Finalizer" daemon [_thread_blocked, id=23732, stack(0x0000000018680000,0x0000000018780000)]
  0x0000000017409000 JavaThread "Reference Handler" daemon [_thread_blocked, id=20196, stack(0x0000000018580000,0x0000000018680000)]
  0x0000000000d3e800 JavaThread "main" [_thread_blocked, id=2436, stack(0x0000000002540000,0x0000000002640000)]

Other Threads:
  0x00000000173e7000 VMThread [stack: 0x0000000018480000,0x0000000018580000] [id=25124]
  0x0000000018d89000 WatcherThread [stack: 0x0000000019280000,0x0000000019380000] [id=23740]

VM state:not at safepoint (normal execution)

VM Mutex/Monitor currently owned by a thread: None

heap address: 0x0000000080000000, size: 2048 MB, Compressed Oops mode: 32-bit
Narrow klass base: 0x0000000000000000, Narrow klass shift: 3
Compressed class space size: 1073741824 Address: 0x0000000100000000

Heap:
 PSYoungGen      total 171520K, used 22787K [0x00000000d5580000, 0x00000000e4180000, 0x0000000100000000)
  eden space 158720K, 6% used [0x00000000d5580000,0x00000000d6048288,0x00000000df080000)
  from space 12800K, 91% used [0x00000000df080000,0x00000000dfbf8c48,0x00000000dfd00000)
  to   space 13824K, 0% used [0x00000000e3400000,0x00000000e3400000,0x00000000e4180000)
 ParOldGen       total 92160K, used 13335K [0x0000000080000000, 0x0000000085a00000, 0x00000000d5580000)
  object space 92160K, 14% used [0x0000000080000000,0x0000000080d05e20,0x0000000085a00000)
 Metaspace       used 41220K, capacity 43176K, committed 43480K, reserved 1087488K
  class space    used 5665K, capacity 6076K, committed 6144K, reserved 1048576K

Card table byte_map: [0x0000000011bc0000,0x0000000011fd0000] byte_map_base: 0x00000000117c0000

Marking Bits: (ParMarkBitMap*) 0x000000006dd9f030
 Begin Bits: [0x0000000012680000, 0x0000000014680000)
 End Bits:   [0x0000000014680000, 0x0000000016680000)

Polling page: 0x00000000008e0000

CodeCache: size=245760Kb used=13222Kb max_used=13222Kb free=232537Kb
 bounds [0x0000000002800000, 0x0000000003500000, 0x0000000011800000]
 total_blobs=4586 nmethods=3871 adapters=627
 compilation: enabled

Compilation events (10 events):
Event: 30.963 Thread 0x0000000017435800 4311       3       java.util.TreeMap::getFirstEntry (26 bytes)
Event: 30.963 Thread 0x0000000017435800 nmethod 4311 0x00000000034f22d0 code [0x00000000034f2440, 0x00000000034f2670]
Event: 30.963 Thread 0x0000000017435800 4312       3       java.util.TreeMap$PrivateEntryIterator::<init> (28 bytes)
Event: 30.964 Thread 0x0000000017435800 nmethod 4312 0x00000000034f2750 code [0x00000000034f28c0, 0x00000000034f2ad0]
Event: 30.966 Thread 0x0000000017435800 4313       3       org.objectweb.asm.SymbolTable::hash (7 bytes)
Event: 30.966 Thread 0x0000000017435800 nmethod 4313 0x00000000034f2bd0 code [0x00000000034f2d20, 0x00000000034f2e50]
Event: 30.971 Thread 0x0000000017435800 4315       3       sun.nio.fs.AbstractPath::toFile (12 bytes)
Event: 30.972 Thread 0x0000000017435800 nmethod 4315 0x00000000034f2ed0 code [0x00000000034f3040, 0x00000000034f32f8]
Event: 30.972 Thread 0x0000000017435800 4316       3       java.io.FileDescriptor::<init> (17 bytes)
Event: 30.973 Thread 0x0000000017435800 nmethod 4316 0x00000000034f33d0 code [0x00000000034f3520, 0x00000000034f36f0]

GC Heap History (10 events):
Event: 16.132 GC heap before
{Heap before GC invocations=7 (full 1):
 PSYoungGen      total 57344K, used 49152K [0x00000000d5580000, 0x00000000dcb80000, 0x0000000100000000)
  eden space 49152K, 100% used [0x00000000d5580000,0x00000000d8580000,0x00000000d8580000)
  from space 8192K, 0% used [0x00000000d8580000,0x00000000d8580000,0x00000000d8d80000)
  to   space 11264K, 0% used [0x00000000dc080000,0x00000000dc080000,0x00000000dcb80000)
 ParOldGen       total 66048K, used 7412K [0x0000000080000000, 0x0000000084080000, 0x00000000d5580000)
  object space 66048K, 11% used [0x0000000080000000,0x000000008073d1a8,0x0000000084080000)
 Metaspace       used 23165K, capacity 24154K, committed 24320K, reserved 1071104K
  class space    used 3280K, capacity 3525K, committed 3584K, reserved 1048576K
Event: 16.149 GC heap after
Heap after GC invocations=7 (full 1):
 PSYoungGen      total 94208K, used 4028K [0x00000000d5580000, 0x00000000dc480000, 0x0000000100000000)
  eden space 90112K, 0% used [0x00000000d5580000,0x00000000d5580000,0x00000000dad80000)
  from space 4096K, 98% used [0x00000000dc080000,0x00000000dc46f128,0x00000000dc480000)
  to   space 11776K, 0% used [0x00000000dad80000,0x00000000dad80000,0x00000000db900000)
 ParOldGen       total 66048K, used 7420K [0x0000000080000000, 0x0000000084080000, 0x00000000d5580000)
  object space 66048K, 11% used [0x0000000080000000,0x000000008073f1a8,0x0000000084080000)
 Metaspace       used 23165K, capacity 24154K, committed 24320K, reserved 1071104K
  class space    used 3280K, capacity 3525K, committed 3584K, reserved 1048576K
}
Event: 21.755 GC heap before
{Heap before GC invocations=8 (full 1):
 PSYoungGen      total 94208K, used 94140K [0x00000000d5580000, 0x00000000dc480000, 0x0000000100000000)
  eden space 90112K, 100% used [0x00000000d5580000,0x00000000dad80000,0x00000000dad80000)
  from space 4096K, 98% used [0x00000000dc080000,0x00000000dc46f128,0x00000000dc480000)
  to   space 11776K, 0% used [0x00000000dad80000,0x00000000dad80000,0x00000000db900000)
 ParOldGen       total 66048K, used 7420K [0x0000000080000000, 0x0000000084080000, 0x00000000d5580000)
  object space 66048K, 11% used [0x0000000080000000,0x000000008073f1a8,0x0000000084080000)
 Metaspace       used 33015K, capacity 34174K, committed 34304K, reserved 1079296K
  class space    used 4477K, capacity 4786K, committed 4864K, reserved 1048576K
Event: 21.787 GC heap after
Heap after GC invocations=8 (full 1):
 PSYoungGen      total 101888K, used 11426K [0x00000000d5580000, 0x00000000e0d80000, 0x0000000100000000)
  eden space 90112K, 0% used [0x00000000d5580000,0x00000000d5580000,0x00000000dad80000)
  from space 11776K, 97% used [0x00000000dad80000,0x00000000db8a8aa8,0x00000000db900000)
  to   space 13312K, 0% used [0x00000000e0080000,0x00000000e0080000,0x00000000e0d80000)
 ParOldGen       total 66048K, used 7428K [0x0000000080000000, 0x0000000084080000, 0x00000000d5580000)
  object space 66048K, 11% used [0x0000000080000000,0x00000000807411a8,0x0000000084080000)
 Metaspace       used 33015K, capacity 34174K, committed 34304K, reserved 1079296K
  class space    used 4477K, capacity 4786K, committed 4864K, reserved 1048576K
}
Event: 24.003 GC heap before
{Heap before GC invocations=9 (full 1):
 PSYoungGen      total 101888K, used 30870K [0x00000000d5580000, 0x00000000e0d80000, 0x0000000100000000)
  eden space 90112K, 21% used [0x00000000d5580000,0x00000000d687d0b0,0x00000000dad80000)
  from space 11776K, 97% used [0x00000000dad80000,0x00000000db8a8aa8,0x00000000db900000)
  to   space 13312K, 0% used [0x00000000e0080000,0x00000000e0080000,0x00000000e0d80000)
 ParOldGen       total 66048K, used 7428K [0x0000000080000000, 0x0000000084080000, 0x00000000d5580000)
  object space 66048K, 11% used [0x0000000080000000,0x00000000807411a8,0x0000000084080000)
 Metaspace       used 33985K, capacity 35276K, committed 35416K, reserved 1079296K
  class space    used 4577K, capacity 4909K, committed 4992K, reserved 1048576K
Event: 24.018 GC heap after
Heap after GC invocations=9 (full 1):
 PSYoungGen      total 167936K, used 7166K [0x00000000d5580000, 0x00000000e0980000, 0x0000000100000000)
  eden space 158720K, 0% used [0x00000000d5580000,0x00000000d5580000,0x00000000df080000)
  from space 9216K, 77% used [0x00000000e0080000,0x00000000e077fb50,0x00000000e0980000)
  to   space 12800K, 0% used [0x00000000df080000,0x00000000df080000,0x00000000dfd00000)
 ParOldGen       total 66048K, used 7436K [0x0000000080000000, 0x0000000084080000, 0x00000000d5580000)
  object space 66048K, 11% used [0x0000000080000000,0x00000000807431a8,0x0000000084080000)
 Metaspace       used 33985K, capacity 35276K, committed 35416K, reserved 1079296K
  class space    used 4577K, capacity 4909K, committed 4992K, reserved 1048576K
}
Event: 24.018 GC heap before
{Heap before GC invocations=10 (full 2):
 PSYoungGen      total 167936K, used 7166K [0x00000000d5580000, 0x00000000e0980000, 0x0000000100000000)
  eden space 158720K, 0% used [0x00000000d5580000,0x00000000d5580000,0x00000000df080000)
  from space 9216K, 77% used [0x00000000e0080000,0x00000000e077fb50,0x00000000e0980000)
  to   space 12800K, 0% used [0x00000000df080000,0x00000000df080000,0x00000000dfd00000)
 ParOldGen       total 66048K, used 7436K [0x0000000080000000, 0x0000000084080000, 0x00000000d5580000)
  object space 66048K, 11% used [0x0000000080000000,0x00000000807431a8,0x0000000084080000)
 Metaspace       used 33985K, capacity 35276K, committed 35416K, reserved 1079296K
  class space    used 4577K, capacity 4909K, committed 4992K, reserved 1048576K
Event: 24.196 GC heap after
Heap after GC invocations=10 (full 2):
 PSYoungGen      total 167936K, used 0K [0x00000000d5580000, 0x00000000e0980000, 0x0000000100000000)
  eden space 158720K, 0% used [0x00000000d5580000,0x00000000d5580000,0x00000000df080000)
  from space 9216K, 0% used [0x00000000e0080000,0x00000000e0080000,0x00000000e0980000)
  to   space 12800K, 0% used [0x00000000df080000,0x00000000df080000,0x00000000dfd00000)
 ParOldGen       total 92160K, used 13335K [0x0000000080000000, 0x0000000085a00000, 0x00000000d5580000)
  object space 92160K, 14% used [0x0000000080000000,0x0000000080d05e20,0x0000000085a00000)
 Metaspace       used 33985K, capacity 35276K, committed 35416K, reserved 1079296K
  class space    used 4577K, capacity 4909K, committed 4992K, reserved 1048576K
}
Event: 30.480 GC heap before
{Heap before GC invocations=11 (full 2):
 PSYoungGen      total 167936K, used 158720K [0x00000000d5580000, 0x00000000e0980000, 0x0000000100000000)
  eden space 158720K, 100% used [0x00000000d5580000,0x00000000df080000,0x00000000df080000)
  from space 9216K, 0% used [0x00000000e0080000,0x00000000e0080000,0x00000000e0980000)
  to   space 12800K, 0% used [0x00000000df080000,0x00000000df080000,0x00000000dfd00000)
 ParOldGen       total 92160K, used 13335K [0x0000000080000000, 0x0000000085a00000, 0x00000000d5580000)
  object space 92160K, 14% used [0x0000000080000000,0x0000000080d05e20,0x0000000085a00000)
 Metaspace       used 40065K, capacity 41988K, committed 42328K, reserved 1085440K
  class space    used 5507K, capacity 5900K, committed 6016K, reserved 1048576K
Event: 30.500 GC heap after
Heap after GC invocations=11 (full 2):
 PSYoungGen      total 171520K, used 11747K [0x00000000d5580000, 0x00000000e4180000, 0x0000000100000000)
  eden space 158720K, 0% used [0x00000000d5580000,0x00000000d5580000,0x00000000df080000)
  from space 12800K, 91% used [0x00000000df080000,0x00000000dfbf8c48,0x00000000dfd00000)
  to   space 13824K, 0% used [0x00000000e3400000,0x00000000e3400000,0x00000000e4180000)
 ParOldGen       total 92160K, used 13335K [0x0000000080000000, 0x0000000085a00000, 0x00000000d5580000)
  object space 92160K, 14% used [0x0000000080000000,0x0000000080d05e20,0x0000000085a00000)
 Metaspace       used 40065K, capacity 41988K, committed 42328K, reserved 1085440K
  class space    used 5507K, capacity 5900K, committed 6016K, reserved 1048576K
}

Deoptimization events (10 events):
Event: 25.296 Thread 0x0000000019efa800 Uncommon trap: reason=unstable_if action=reinterpret pc=0x0000000002e35668 method=java.net.URLStreamHandler.sameFile(Ljava/net/URL;Ljava/net/URL;)Z @ 63
Event: 25.590 Thread 0x0000000019efa800 Uncommon trap: reason=unstable_if action=reinterpret pc=0x00000000032635ac method=java.lang.ClassLoader.checkCerts(Ljava/lang/String;Ljava/security/CodeSource;)V @ 29
Event: 25.708 Thread 0x0000000019efa800 Uncommon trap: reason=unstable_if action=reinterpret pc=0x00000000030d0338 method=org.gradle.internal.reflect.PropertyAccessorType.isGetGetterName(Ljava/lang/String;)Z @ 14
Event: 26.779 Thread 0x0000000019efa800 Uncommon trap: reason=unstable_if action=reinterpret pc=0x0000000002dd45e0 method=java.net.URI.match(CJJ)Z @ 45
Event: 28.234 Thread 0x000000001c70f000 Uncommon trap: reason=unstable_if action=reinterpret pc=0x0000000002af3590 method=java.util.concurrent.ConcurrentHashMap.addCount(JI)V @ 34
Event: 28.346 Thread 0x000000001c712000 Uncommon trap: reason=unstable_if action=reinterpret pc=0x000000000290faf8 method=java.util.concurrent.ConcurrentHashMap.addCount(JI)V @ 7
Event: 29.243 Thread 0x0000000019efa800 Uncommon trap: reason=unstable_if action=reinterpret pc=0x0000000002b872ac method=java.util.jar.JarFile.match([C[B[I[I)Z @ 29
Event: 30.130 Thread 0x0000000019efa800 Uncommon trap: reason=predicate action=maybe_recompile pc=0x0000000002a22f20 method=com.google.common.base.CharMatcher.indexIn(Ljava/lang/CharSequence;I)I @ 22
Event: 30.640 Thread 0x0000000019efa800 Uncommon trap: reason=unstable_if action=reinterpret pc=0x00000000029829bc method=java.io.BufferedInputStream.read([BII)I @ 56
Event: 30.643 Thread 0x0000000019efa800 Uncommon trap: reason=unstable_if action=reinterpret pc=0x0000000002b86690 method=java.util.regex.Pattern.has(I)Z @ 6

Classes redefined (0 events):
No events

Internal exceptions (10 events):
Event: 29.800 Thread 0x0000000019efa800 Exception <a 'java/lang/ClassNotFoundException': org/gradle/api/internal/AbstractTaskBeanInfo> (0x00000000de2925d0) thrown at [C:\src\AOSP-openjdk-git\hotspot\src\share\vm\classfile\systemDictionary.cpp, line 210]
Event: 29.805 Thread 0x0000000019efa800 Exception <a 'java/lang/ClassNotFoundException': org/gradle/api/internal/AbstractTaskCustomizer> (0x00000000de2c6288) thrown at [C:\src\AOSP-openjdk-git\hotspot\src\share\vm\classfile\systemDictionary.cpp, line 210]
Event: 29.811 Thread 0x0000000019efa800 Exception <a 'java/lang/ClassNotFoundException': org/gradle/api/DefaultTaskCustomizer> (0x00000000de359a38) thrown at [C:\src\AOSP-openjdk-git\hotspot\src\share\vm\classfile\systemDictionary.cpp, line 210]
Event: 29.814 Thread 0x0000000019efa800 Exception <a 'java/lang/ClassNotFoundException': org/gradle/api/internal/ConventionTaskCustomizer> (0x00000000de39f228) thrown at [C:\src\AOSP-openjdk-git\hotspot\src\share\vm\classfile\systemDictionary.cpp, line 210]
Event: 29.821 Thread 0x0000000019efa800 Exception <a 'java/lang/ClassNotFoundException': org/gradle/api/tasks/DeleteCustomizer> (0x00000000de3e12a0) thrown at [C:\src\AOSP-openjdk-git\hotspot\src\share\vm\classfile\systemDictionary.cpp, line 210]
Event: 29.825 Thread 0x0000000019efa800 Exception <a 'java/lang/ClassNotFoundException': org/gradle/api/tasks/Delete_DecoratedCustomizer> (0x00000000de430c68) thrown at [C:\src\AOSP-openjdk-git\hotspot\src\share\vm\classfile\systemDictionary.cpp, line 210]
Event: 30.081 Thread 0x0000000019efa800 Exception <a 'java/lang/ClassNotFoundException': build_70mugsb2znc1vc632kmytxhahBeanInfo> (0x00000000de59dc08) thrown at [C:\src\AOSP-openjdk-git\hotspot\src\share\vm\classfile\systemDictionary.cpp, line 210]
Event: 30.081 Thread 0x0000000019efa800 Exception <a 'java/lang/ClassNotFoundException': build_70mugsb2znc1vc632kmytxhahCustomizer> (0x00000000de5a9848) thrown at [C:\src\AOSP-openjdk-git\hotspot\src\share\vm\classfile\systemDictionary.cpp, line 210]
Event: 30.126 Thread 0x0000000019efa800 Exception <a 'java/lang/ClassNotFoundException': org/gradle/plugin/use/internal/PluginRequestCollector$PluginDependenciesSpecImplBeanInfo> (0x00000000de68a138) thrown at [C:\src\AOSP-openjdk-git\hotspot\src\share\vm\classfile\systemDictionary.cpp, line 21
Event: 30.128 Thread 0x0000000019efa800 Exception <a 'java/lang/ClassNotFoundException': org/gradle/plugin/use/internal/PluginRequestCollector$PluginDependenciesSpecImplCustomizer> (0x00000000de6ca078) thrown at [C:\src\AOSP-openjdk-git\hotspot\src\share\vm\classfile\systemDictionary.cpp, line 

Events (10 events):
Event: 30.961 loading class org/gradle/api/provider/Provider
Event: 30.961 loading class org/gradle/api/provider/Provider done
Event: 30.962 loading class org/gradle/api/internal/provider/sources/AbstractPropertyValueSource$Parameters
Event: 30.962 loading class org/gradle/api/internal/provider/sources/AbstractPropertyValueSource$Parameters done
Event: 30.973 loading class com/google/gson/GsonBuilder
Event: 30.973 loading class com/google/gson/GsonBuilder done
Event: 31.006 loading class com/google/gson/FieldNamingStrategy
Event: 31.006 loading class com/google/gson/FieldNamingStrategy done
Event: 31.007 loading class com/google/gson/TypeAdapter
Event: 31.007 loading class com/google/gson/TypeAdapter done


Dynamic libraries:
0x00007ff6e7390000 - 0x00007ff6e73c1000 	C:\Program Files\Android\Android Studio\jre\bin\java.exe
0x00007fff61e60000 - 0x00007fff62050000 	C:\WINDOWS\SYSTEM32\ntdll.dll
0x00007fff61c90000 - 0x00007fff61d42000 	C:\WINDOWS\System32\KERNEL32.DLL
0x00007fff5f260000 - 0x00007fff5f505000 	C:\WINDOWS\System32\KERNELBASE.dll
0x00007fff600e0000 - 0x00007fff60183000 	C:\WINDOWS\System32\ADVAPI32.dll
0x00007fff61b90000 - 0x00007fff61c2e000 	C:\WINDOWS\System32\msvcrt.dll
0x00007fff60a40000 - 0x00007fff60ad7000 	C:\WINDOWS\System32\sechost.dll
0x00007fff608b0000 - 0x00007fff609d0000 	C:\WINDOWS\System32\RPCRT4.dll
0x00007fff5ff40000 - 0x00007fff600d4000 	C:\WINDOWS\System32\USER32.dll
0x00007fff5f6a0000 - 0x00007fff5f6c1000 	C:\WINDOWS\System32\win32u.dll
0x00007fff5ff10000 - 0x00007fff5ff36000 	C:\WINDOWS\System32\GDI32.dll
0x00007fff5efc0000 - 0x00007fff5f156000 	C:\WINDOWS\System32\gdi32full.dll
0x00007fff5f510000 - 0x00007fff5f5ae000 	C:\WINDOWS\System32\msvcp_win.dll
0x00007fff5f160000 - 0x00007fff5f25a000 	C:\WINDOWS\System32\ucrtbase.dll
0x00007fff4bc60000 - 0x00007fff4bee4000 	C:\WINDOWS\WinSxS\amd64_microsoft.windows.common-controls_6595b64144ccf1df_6.0.18362.1256_none_9e7e379be45e40e2\COMCTL32.dll
0x00007fff61850000 - 0x00007fff61b86000 	C:\WINDOWS\System32\combase.dll
0x00007fff5f610000 - 0x00007fff5f691000 	C:\WINDOWS\System32\bcryptPrimitives.dll
0x00007fff61580000 - 0x00007fff615ae000 	C:\WINDOWS\System32\IMM32.DLL
0x000000006d4f0000 - 0x000000006d5c2000 	C:\Program Files\Android\Android Studio\jre\jre\bin\msvcr100.dll
0x000000006d5d0000 - 0x000000006de1b000 	C:\Program Files\Android\Android Studio\jre\jre\bin\server\jvm.dll
0x00007fff61770000 - 0x00007fff61778000 	C:\WINDOWS\System32\PSAPI.DLL
0x00007fff5b660000 - 0x00007fff5b669000 	C:\WINDOWS\SYSTEM32\WSOCK32.dll
0x00007fff5b810000 - 0x00007fff5b834000 	C:\WINDOWS\SYSTEM32\WINMM.dll
0x00007fff609d0000 - 0x00007fff60a3f000 	C:\WINDOWS\System32\WS2_32.dll
0x00007fff5de40000 - 0x00007fff5de4a000 	C:\WINDOWS\SYSTEM32\VERSION.dll
0x00007fff5b7e0000 - 0x00007fff5b80d000 	C:\WINDOWS\SYSTEM32\WINMMBASE.dll
0x00007fff5ef50000 - 0x00007fff5ef9a000 	C:\WINDOWS\System32\cfgmgr32.dll
0x00007fff5b650000 - 0x00007fff5b65f000 	C:\Program Files\Android\Android Studio\jre\jre\bin\verify.dll
0x00007fff585d0000 - 0x00007fff585f9000 	C:\Program Files\Android\Android Studio\jre\jre\bin\java.dll
0x00007fff585a0000 - 0x00007fff585b6000 	C:\Program Files\Android\Android Studio\jre\jre\bin\zip.dll
0x00007fff60b60000 - 0x00007fff61247000 	C:\WINDOWS\System32\SHELL32.dll
0x00007fff61250000 - 0x00007fff612f9000 	C:\WINDOWS\System32\shcore.dll
0x00007fff5f6d0000 - 0x00007fff5fe51000 	C:\WINDOWS\System32\windows.storage.dll
0x00007fff5ed30000 - 0x00007fff5ed53000 	C:\WINDOWS\System32\profapi.dll
0x00007fff5ed80000 - 0x00007fff5edca000 	C:\WINDOWS\System32\powrprof.dll
0x00007fff5ed00000 - 0x00007fff5ed10000 	C:\WINDOWS\System32\UMPDC.dll
0x00007fff60b00000 - 0x00007fff60b52000 	C:\WINDOWS\System32\shlwapi.dll
0x00007fff5ed10000 - 0x00007fff5ed21000 	C:\WINDOWS\System32\kernel.appcore.dll
0x00007fff5efa0000 - 0x00007fff5efb7000 	C:\WINDOWS\System32\cryptsp.dll
0x00007fff574b0000 - 0x00007fff574ca000 	C:\Program Files\Android\Android Studio\jre\jre\bin\net.dll
0x00007fff5e4f0000 - 0x00007fff5e557000 	C:\WINDOWS\system32\mswsock.dll
0x00007fff51930000 - 0x00007fff51943000 	C:\Program Files\Android\Android Studio\jre\jre\bin\nio.dll
0x00007fff50320000 - 0x00007fff50347000 	C:\Users\tzeyi\.gradle\native\f6784746aeab05261644944871eae4fe03e0ef1612fff0a4a95f87b438bc6780\windows-amd64\native-platform.dll
0x00007fff5b640000 - 0x00007fff5b64d000 	C:\Program Files\Android\Android Studio\jre\jre\bin\management.dll
0x00007fff5e060000 - 0x00007fff5e093000 	C:\WINDOWS\system32\rsaenh.dll
0x00007fff5ef20000 - 0x00007fff5ef46000 	C:\WINDOWS\System32\bcrypt.dll
0x00007fff5ebe0000 - 0x00007fff5ec05000 	C:\WINDOWS\SYSTEM32\USERENV.dll
0x00007fff5e6c0000 - 0x00007fff5e6cc000 	C:\WINDOWS\SYSTEM32\CRYPTBASE.dll
0x00007fff5e200000 - 0x00007fff5e23a000 	C:\WINDOWS\SYSTEM32\IPHLPAPI.DLL
0x00007fff602d0000 - 0x00007fff602d8000 	C:\WINDOWS\System32\NSI.dll
0x00007fff572c0000 - 0x00007fff572d6000 	C:\WINDOWS\SYSTEM32\dhcpcsvc6.DLL
0x00007fff57e50000 - 0x00007fff57e6c000 	C:\WINDOWS\SYSTEM32\dhcpcsvc.DLL
0x00007fff5e240000 - 0x00007fff5e30b000 	C:\WINDOWS\SYSTEM32\DNSAPI.dll
0x00007fff58890000 - 0x00007fff5889b000 	C:\WINDOWS\SYSTEM32\WINNSI.DLL

VM Arguments:
jvm_args: -Xmx2048m -Dfile.encoding=UTF-8 -Duser.country=MY -Duser.language=en -Duser.variant 
java_command: org.gradle.launcher.daemon.bootstrap.GradleDaemon 6.5
java_class_path (initial): C:\Users\tzeyi\.gradle\wrapper\dists\gradle-6.5-bin\6nifqtx7604sqp1q6g8wikw7p\gradle-6.5\lib\gradle-launcher-6.5.jar
Launcher Type: SUN_STANDARD

Environment Variables:
PATH=C:\Program Files (x86)\Common Files\Oracle\Java\javapath;C:\Program Files\Java\jdk-13.0.2\bin;C:\Program Files\Java\jdk-12.0.1\bin;C:\Program Files\Java\jdk-11.0.1\bin;C:\Gradle\gradle-6.0.1\bin;C:\Program Files\Haskell\bin;C:\Program Files\Haskell Platform\8.6.3\lib\extralibs\bin;C:\Program Files\Haskell Platform\8.6.3\bin;C:\Program Files\Haskell Platform\8.6.3\mingw\bin;C:\Program Files\nodejs\;C:\Users\tzeyi\AppData\Local\Programs\Python\Python38-32;C:\Program Files\MATLAB\R2019b\runtime\win64;C:\Program Files\MATLAB\R2019b\bin;C:\Program Files\Git\cmd;C:\Program Files (x86)\C-Free 5\mingw\bin;C:\xampp\php;C:\WINDOWS\system32;C:\WINDOWS;C:\WINDOWS\System32\Wbem;C:\WINDOWS\System32\WindowsPowerShell\v1.0\;C:\WINDOWS\System32\OpenSSH\;C:\Program Files\dotnet\;C:\Program Files\Microsoft SQL Server\130\Tools\Binn\;C:\Program Files\PuTTY\;C:\ProgramData\ComposerSetup\bin;C:\Program Files\Sublime Text 3;C:\Users\tzeyi\AppData\Local\Android\Sdk\platform-tools;C:\Users\tzeyi\AppData\Local\Programs\Python\Python38-32\Scripts\;C:\Users\tzeyi\AppData\Local\Programs\Python\Python38-32\;C:\Users\tzeyi\AppData\Roaming\cabal\bin;C:\Users\tzeyi\AppData\Roaming\local\bin;C:\Users\tzeyi\AppData\Local\Microsoft\WindowsApps;C:\Users\tzeyi\AppData\Local\GitHubDesktop\bin;C:\Program Files\JetBrains\PyCharm Community Edition 191.6014.12\bin;C:\Program Files\Docker Toolbox;C:\Users\tzeyi\Desktop\XXX;C:\Users\tzeyi\AppData\Local\atom\bin;C:\Users\tzeyi\AppData\Local\hyper\app-3.0.2\resources\bin;C:\Users\tzeyi\AppData\Local\Microsoft\WindowsApps;C:\Users\tzeyi\AppData\Roaming\npm;C:\Program Files\JetBrains\IntelliJ IDEA 2019.3.2\bin;;C:\Users\tzeyi\AppData\Local\Programs\Microsoft VS Code\bin;C:\Users\tzeyi\AppData\Roaming\Composer\vendor\bin
USERNAME=tzeyi
OS=Windows_NT
PROCESSOR_IDENTIFIER=Intel64 Family 6 Model 61 Stepping 4, GenuineIntel



---------------  S Y S T E M  ---------------

OS: Windows 10.0 , 64 bit Build 18362 (10.0.18362.1110)

CPU:total 4 (initial active 4) (2 cores per cpu, 2 threads per core) family 6 model 61 stepping 4, cmov, cx8, fxsr, mmx, sse, sse2, sse3, ssse3, sse4.1, sse4.2, popcnt, avx, avx2, aes, clmul, erms, 3dnowpref, lzcnt, ht, tsc, tscinvbit, bmi1, bmi2, adx

Memory: 4k page, physical 12500528k(1501932k free), swap 38100524k(4184k free)

vm_info: OpenJDK 64-Bit Server VM (25.242-b01) for windows-amd64 JRE (1.8.0_242-release-1644-b01), built by "builder" with MS VC++ 10.0 (VS2010)

time: Fri Dec 25 23:18:15 2020
timezone: Malay Peninsula Standard Time
elapsed time: 31 seconds (0d 0h 0m 31s)

