#
# There is insufficient memory for the Java Runtime Environment to continue.
# Native memory allocation (malloc) failed to allocate 512752 bytes for Chunk::new
# Possible reasons:
#   The system is out of physical RAM or swap space
#   The process is running with CompressedOops enabled, and the Java Heap may be blocking the growth of the native heap
# Possible solutions:
#   Reduce memory load on the system
#   Increase physical memory or swap space
#   Check if swap backing store is full
#   Decrease Java heap size (-Xmx/-Xms)
#   Decrease number of Java threads
#   Decrease Java thread stack sizes (-Xss)
#   Set larger code cache with -XX:ReservedCodeCacheSize=
#   JVM is running with Unscaled Compressed Oops mode in which the Java heap is
#     placed in the first 4GB address space. The Java Heap base address is the
#     maximum limit for the native heap growth. Please use -XX:HeapBaseMinAddress
#     to set the Java Heap base and to place the Java Heap above 4GB virtual address.
# This output file may be truncated or incomplete.
#
#  Out of Memory Error (allocation.cpp:389), pid=26488, tid=0x0000000000006884
#
# JRE version: OpenJDK Runtime Environment (8.0_242-b01) (build 1.8.0_242-release-1644-b01)
# Java VM: OpenJDK 64-Bit Server VM (25.242-b01 mixed mode windows-amd64 compressed oops)
# Failed to write core dump. Minidumps are not enabled by default on client versions of Windows
#

---------------  T H R E A D  ---------------

Current thread (0x0000000017818000):  JavaThread "C2 CompilerThread0" daemon [_thread_in_native, id=26756, stack(0x0000000018e60000,0x0000000018f60000)]

Stack: [0x0000000018e60000,0x0000000018f60000]
[error occurred during error reporting (printing stack bounds), id 0xc0000005]

Native frames: (J=compiled Java code, j=interpreted, Vv=VM code, C=native code)


Current CompileTask:
C2: 480625 9360       4       org.gradle.internal.service.DefaultServiceRegistry$OwnServices$ProviderAnalyser::analyseType (114 bytes)


---------------  P R O C E S S  ---------------

Java Threads: ( => current thread )
  0x000000001a79e000 JavaThread "Cache worker for cache directory md-rule (C:\Users\tzeyi\.gradle\caches\6.5\md-rule)" [_thread_blocked, id=23024, stack(0x000000001fd20000,0x000000001fe20000)]
  0x000000001a7a2000 JavaThread "Cache worker for cache directory md-supplier (C:\Users\tzeyi\.gradle\caches\6.5\md-supplier)" [_thread_blocked, id=27228, stack(0x000000001fc20000,0x000000001fd20000)]
  0x000000001a7a1000 JavaThread "Cache worker for checksums cache (C:\Users\tzeyi\AndroidStudioProjects\RunningTracker\.gradle\checksums)" [_thread_blocked, id=27292, stack(0x000000001fb20000,0x000000001fc20000)]
  0x000000001a7a0800 JavaThread "Cache worker for file hash cache (C:\Users\tzeyi\AndroidStudioProjects\RunningTracker\.gradle\6.5\fileHashes)" [_thread_blocked, id=27448, stack(0x000000001d280000,0x000000001d380000)]
  0x000000001a79f000 JavaThread "Thread-126" [_thread_blocked, id=23296, stack(0x000000001d180000,0x000000001d280000)]
  0x000000001a7a5000 JavaThread "Stdin handler" [_thread_blocked, id=27364, stack(0x000000001d080000,0x000000001d180000)]
  0x000000001a7a4000 JavaThread "Asynchronous log dispatcher for DefaultDaemonConnection: socket connection from /127.0.0.1:62404 to /127.0.0.1:64823" [_thread_blocked, id=28004, stack(0x000000001cf80000,0x000000001d080000)]
  0x000000001a79d800 JavaThread "Daemon worker Thread 2" [_thread_in_Java, id=11868, stack(0x000000001ce80000,0x000000001cf80000)]
  0x000000001a7a3800 JavaThread "Cancel handler" [_thread_blocked, id=30152, stack(0x000000001cd80000,0x000000001ce80000)]
  0x000000001a79f800 JavaThread "Handler for socket connection from /127.0.0.1:62404 to /127.0.0.1:64823" [_thread_in_native, id=16760, stack(0x000000001ca80000,0x000000001cb80000)]
  0x000000001a7a2800 JavaThread "Daemon Thread 2" [_thread_blocked, id=27984, stack(0x0000000001090000,0x0000000001190000)]
  0x000000001ab6a000 JavaThread "Memory manager" [_thread_blocked, id=27008, stack(0x000000002a290000,0x000000002a390000)]
  0x000000001a7ab000 JavaThread "Cache worker for file content cache (C:\Users\tzeyi\.gradle\caches\6.5\fileContent)" [_thread_blocked, id=27576, stack(0x0000000022e80000,0x0000000022f80000)]
  0x000000001a7a8000 JavaThread "Cache worker for execution history cache (C:\Users\tzeyi\.gradle\caches\6.5\executionHistory)" [_thread_blocked, id=27028, stack(0x0000000022980000,0x0000000022a80000)]
  0x000000001a6d4000 JavaThread "Cache worker for file hash cache (C:\Users\tzeyi\.gradle\caches\6.5\fileHashes)" [_thread_blocked, id=20880, stack(0x000000001d880000,0x000000001d980000)]
  0x000000001a6d3000 JavaThread "File lock request listener" [_thread_in_native, id=23052, stack(0x000000001d780000,0x000000001d880000)]
  0x000000001a6ce000 JavaThread "Cache worker for journal cache (C:\Users\tzeyi\.gradle\caches\journal-1)" [_thread_blocked, id=26896, stack(0x000000001d580000,0x000000001d680000)]
  0x0000000019cbe000 JavaThread "Daemon periodic checks" [_thread_blocked, id=24640, stack(0x000000001c980000,0x000000001ca80000)]
  0x000000001a8dc800 JavaThread "Incoming local TCP Connector on port 62404" [_thread_in_native, id=22936, stack(0x000000001c740000,0x000000001c840000)]
  0x000000001b18b800 JavaThread "Daemon health stats" [_thread_blocked, id=27132, stack(0x000000001c100000,0x000000001c200000)]
  0x000000001786d000 JavaThread "Service Thread" daemon [_thread_blocked, id=11400, stack(0x0000000019560000,0x0000000019660000)]
  0x000000001784f000 JavaThread "C1 CompilerThread2" daemon [_thread_in_vm, id=26628, stack(0x0000000019060000,0x0000000019160000)]
  0x0000000017825000 JavaThread "C2 CompilerThread1" daemon [_thread_blocked, id=26760, stack(0x0000000018f60000,0x0000000019060000)]
=>0x0000000017818000 JavaThread "C2 CompilerThread0" daemon [_thread_in_native, id=26756, stack(0x0000000018e60000,0x0000000018f60000)]
  0x0000000017816000 JavaThread "Attach Listener" daemon [_thread_blocked, id=25824, stack(0x0000000018d60000,0x0000000018e60000)]
  0x0000000017813800 JavaThread "Signal Dispatcher" daemon [_thread_blocked, id=16012, stack(0x0000000018c60000,0x0000000018d60000)]
  0x0000000002beb800 JavaThread "Finalizer" daemon [_thread_blocked, id=26752, stack(0x0000000018a60000,0x0000000018b60000)]
  0x00000000177f9000 JavaThread "Reference Handler" daemon [_thread_blocked, id=25108, stack(0x0000000018960000,0x0000000018a60000)]
  0x0000000002aee800 JavaThread "main" [_thread_blocked, id=26732, stack(0x0000000002940000,0x0000000002a40000)]

Other Threads:
  0x00000000177d6800 VMThread [stack: 0x0000000018860000,0x0000000018960000] [id=24352]
  0x000000001786e000 WatcherThread [stack: 0x0000000019660000,0x0000000019760000] [id=25916]

VM state:not at safepoint (normal execution)

VM Mutex/Monitor currently owned by a thread: None

heap address: 0x0000000080000000, size: 2048 MB, Compressed Oops mode: 32-bit
Narrow klass base: 0x0000000000000000, Narrow klass shift: 3
Compressed class space size: 1073741824 Address: 0x0000000100000000

Heap:
 PSYoungGen      total 230912K, used 214657K [0x00000000d5580000, 0x00000000e7800000, 0x0000000100000000)
  eden space 209920K, 93% used [0x00000000d5580000,0x00000000e14af750,0x00000000e2280000)
  from space 20992K, 89% used [0x00000000e2280000,0x00000000e34f0fe0,0x00000000e3700000)
  to   space 23040K, 0% used [0x00000000e6180000,0x00000000e6180000,0x00000000e7800000)
 ParOldGen       total 159232K, used 39960K [0x0000000080000000, 0x0000000089b80000, 0x00000000d5580000)
  object space 159232K, 25% used [0x0000000080000000,0x0000000082706288,0x0000000089b80000)
 Metaspace       used 79388K, capacity 83316K, committed 83544K, reserved 1122304K
  class space    used 10710K, capacity 11575K, committed 11648K, reserved 1048576K

Card table byte_map: [0x0000000011fb0000,0x00000000123c0000] byte_map_base: 0x0000000011bb0000

Marking Bits: (ParMarkBitMap*) 0x000000006dd9f030
 Begin Bits: [0x0000000012a70000, 0x0000000014a70000)
 End Bits:   [0x0000000014a70000, 0x0000000016a70000)

Polling page: 0x00000000009f0000

CodeCache: size=245760Kb used=26194Kb max_used=26561Kb free=219565Kb
 bounds [0x0000000002bf0000, 0x0000000004630000, 0x0000000011bf0000]
 total_blobs=8923 nmethods=8117 adapters=717
 compilation: enabled

Compilation events (10 events):
Event: 480.602 Thread 0x000000001784f000 9430       3       org.gradle.internal.component.external.model.DefaultConfigurationMetadata::access$001 (5 bytes)
Event: 480.602 Thread 0x000000001784f000 nmethod 9430 0x0000000003764fd0 code [0x0000000003765140, 0x00000000037652a8]
Event: 480.602 Thread 0x000000001784f000 9431       3       org.gradle.internal.component.external.model.maven.DefaultMavenModuleResolveMetadata$1::create (5 bytes)
Event: 480.602 Thread 0x000000001784f000 nmethod 9431 0x0000000004224f90 code [0x0000000004225100, 0x0000000004225368]
Event: 480.606 Thread 0x000000001784f000 9432       1       java.util.LinkedHashMap$LinkedValues::size (8 bytes)
Event: 480.606 Thread 0x000000001784f000 nmethod 9432 0x0000000003752dd0 code [0x0000000003752f20, 0x0000000003753030]
Event: 480.616 Thread 0x000000001784f000 9433       3       org.gradle.api.internal.artifacts.ivyservice.dependencysubstitution.DependencySubstitutionApplicator$$Lambda$148/587489141::apply (5 bytes)
Event: 480.617 Thread 0x000000001784f000 nmethod 9433 0x000000000315ff50 code [0x0000000003160100, 0x0000000003160648]
Event: 480.619 Thread 0x000000001784f000 9434       3       com.google.common.primitives.Longs$AsciiDigits::digit (17 bytes)
Event: 480.619 Thread 0x000000001784f000 nmethod 9434 0x0000000002fe8650 code [0x0000000002fe87c0, 0x0000000002fe8990]

GC Heap History (10 events):
Event: 15.498 GC heap before
{Heap before GC invocations=10 (full 2):
 PSYoungGen      total 182784K, used 8133K [0x00000000d5580000, 0x00000000e1580000, 0x0000000100000000)
  eden space 169984K, 0% used [0x00000000d5580000,0x00000000d5580000,0x00000000dfb80000)
  from space 12800K, 63% used [0x00000000e0900000,0x00000000e10f1638,0x00000000e1580000)
  to   space 13312K, 0% used [0x00000000dfb80000,0x00000000dfb80000,0x00000000e0880000)
 ParOldGen       total 64512K, used 7533K [0x0000000080000000, 0x0000000083f00000, 0x00000000d5580000)
  object space 64512K, 11% used [0x0000000080000000,0x000000008075b750,0x0000000083f00000)
 Metaspace       used 34035K, capacity 35366K, committed 35416K, reserved 1079296K
  class space    used 4600K, capacity 4943K, committed 4992K, reserved 1048576K
Event: 15.759 GC heap after
Heap after GC invocations=10 (full 2):
 PSYoungGen      total 182784K, used 0K [0x00000000d5580000, 0x00000000e1580000, 0x0000000100000000)
  eden space 169984K, 0% used [0x00000000d5580000,0x00000000d5580000,0x00000000dfb80000)
  from space 12800K, 0% used [0x00000000e0900000,0x00000000e0900000,0x00000000e1580000)
  to   space 13312K, 0% used [0x00000000dfb80000,0x00000000dfb80000,0x00000000e0880000)
 ParOldGen       total 98816K, used 14637K [0x0000000080000000, 0x0000000086080000, 0x00000000d5580000)
  object space 98816K, 14% used [0x0000000080000000,0x0000000080e4b638,0x0000000086080000)
 Metaspace       used 34035K, capacity 35366K, committed 35416K, reserved 1079296K
  class space    used 4600K, capacity 4943K, committed 4992K, reserved 1048576K
}
Event: 20.217 GC heap before
{Heap before GC invocations=11 (full 2):
 PSYoungGen      total 182784K, used 169984K [0x00000000d5580000, 0x00000000e1580000, 0x0000000100000000)
  eden space 169984K, 100% used [0x00000000d5580000,0x00000000dfb80000,0x00000000dfb80000)
  from space 12800K, 0% used [0x00000000e0900000,0x00000000e0900000,0x00000000e1580000)
  to   space 13312K, 0% used [0x00000000dfb80000,0x00000000dfb80000,0x00000000e0880000)
 ParOldGen       total 98816K, used 14637K [0x0000000080000000, 0x0000000086080000, 0x00000000d5580000)
  object space 98816K, 14% used [0x0000000080000000,0x0000000080e4b638,0x0000000086080000)
 Metaspace       used 41662K, capacity 43672K, committed 43864K, reserved 1087488K
  class space    used 5748K, capacity 6202K, committed 6272K, reserved 1048576K
Event: 20.239 GC heap after
Heap after GC invocations=11 (full 2):
 PSYoungGen      total 183296K, used 13307K [0x00000000d5580000, 0x00000000e4580000, 0x0000000100000000)
  eden space 169984K, 0% used [0x00000000d5580000,0x00000000d5580000,0x00000000dfb80000)
  from space 13312K, 99% used [0x00000000dfb80000,0x00000000e087ecd0,0x00000000e0880000)
  to   space 14848K, 0% used [0x00000000e3700000,0x00000000e3700000,0x00000000e4580000)
 ParOldGen       total 98816K, used 14669K [0x0000000080000000, 0x0000000086080000, 0x00000000d5580000)
  object space 98816K, 14% used [0x0000000080000000,0x0000000080e53638,0x0000000086080000)
 Metaspace       used 41662K, capacity 43672K, committed 43864K, reserved 1087488K
  class space    used 5748K, capacity 6202K, committed 6272K, reserved 1048576K
}
Event: 25.392 GC heap before
{Heap before GC invocations=12 (full 2):
 PSYoungGen      total 183296K, used 173027K [0x00000000d5580000, 0x00000000e4580000, 0x0000000100000000)
  eden space 169984K, 93% used [0x00000000d5580000,0x00000000df17a048,0x00000000dfb80000)
  from space 13312K, 99% used [0x00000000dfb80000,0x00000000e087ecd0,0x00000000e0880000)
  to   space 14848K, 0% used [0x00000000e3700000,0x00000000e3700000,0x00000000e4580000)
 ParOldGen       total 98816K, used 14669K [0x0000000080000000, 0x0000000086080000, 0x00000000d5580000)
  object space 98816K, 14% used [0x0000000080000000,0x0000000080e53638,0x0000000086080000)
 Metaspace       used 56398K, capacity 58898K, committed 58968K, reserved 1099776K
  class space    used 7693K, capacity 8264K, committed 8320K, reserved 1048576K
Event: 25.480 GC heap after
Heap after GC invocations=12 (full 2):
 PSYoungGen      total 224768K, used 14847K [0x00000000d5580000, 0x00000000e4f00000, 0x0000000100000000)
  eden space 209920K, 0% used [0x00000000d5580000,0x00000000d5580000,0x00000000e2280000)
  from space 14848K, 99% used [0x00000000e3700000,0x00000000e457fcd0,0x00000000e4580000)
  to   space 20992K, 0% used [0x00000000e2280000,0x00000000e2280000,0x00000000e3700000)
 ParOldGen       total 98816K, used 26551K [0x0000000080000000, 0x0000000086080000, 0x00000000d5580000)
  object space 98816K, 26% used [0x0000000080000000,0x00000000819edf18,0x0000000086080000)
 Metaspace       used 56398K, capacity 58898K, committed 58968K, reserved 1099776K
  class space    used 7693K, capacity 8264K, committed 8320K, reserved 1048576K
}
Event: 25.480 GC heap before
{Heap before GC invocations=13 (full 3):
 PSYoungGen      total 224768K, used 14847K [0x00000000d5580000, 0x00000000e4f00000, 0x0000000100000000)
  eden space 209920K, 0% used [0x00000000d5580000,0x00000000d5580000,0x00000000e2280000)
  from space 14848K, 99% used [0x00000000e3700000,0x00000000e457fcd0,0x00000000e4580000)
  to   space 20992K, 0% used [0x00000000e2280000,0x00000000e2280000,0x00000000e3700000)
 ParOldGen       total 98816K, used 26551K [0x0000000080000000, 0x0000000086080000, 0x00000000d5580000)
  object space 98816K, 26% used [0x0000000080000000,0x00000000819edf18,0x0000000086080000)
 Metaspace       used 56398K, capacity 58898K, committed 58968K, reserved 1099776K
  class space    used 7693K, capacity 8264K, committed 8320K, reserved 1048576K
Event: 26.076 GC heap after
Heap after GC invocations=13 (full 3):
 PSYoungGen      total 224768K, used 0K [0x00000000d5580000, 0x00000000e4f00000, 0x0000000100000000)
  eden space 209920K, 0% used [0x00000000d5580000,0x00000000d5580000,0x00000000e2280000)
  from space 14848K, 0% used [0x00000000e3700000,0x00000000e3700000,0x00000000e4580000)
  to   space 20992K, 0% used [0x00000000e2280000,0x00000000e2280000,0x00000000e3700000)
 ParOldGen       total 159232K, used 39952K [0x0000000080000000, 0x0000000089b80000, 0x00000000d5580000)
  object space 159232K, 25% used [0x0000000080000000,0x0000000082704288,0x0000000089b80000)
 Metaspace       used 56378K, capacity 58832K, committed 58968K, reserved 1099776K
  class space    used 7687K, capacity 8253K, committed 8320K, reserved 1048576K
}
Event: 33.138 GC heap before
{Heap before GC invocations=14 (full 3):
 PSYoungGen      total 224768K, used 209920K [0x00000000d5580000, 0x00000000e4f00000, 0x0000000100000000)
  eden space 209920K, 100% used [0x00000000d5580000,0x00000000e2280000,0x00000000e2280000)
  from space 14848K, 0% used [0x00000000e3700000,0x00000000e3700000,0x00000000e4580000)
  to   space 20992K, 0% used [0x00000000e2280000,0x00000000e2280000,0x00000000e3700000)
 ParOldGen       total 159232K, used 39952K [0x0000000080000000, 0x0000000089b80000, 0x00000000d5580000)
  object space 159232K, 25% used [0x0000000080000000,0x0000000082704288,0x0000000089b80000)
 Metaspace       used 68458K, capacity 71438K, committed 71640K, reserved 1110016K
  class space    used 9483K, capacity 10125K, committed 10240K, reserved 1048576K
Event: 33.206 GC heap after
Heap after GC invocations=14 (full 3):
 PSYoungGen      total 230912K, used 18883K [0x00000000d5580000, 0x00000000e7800000, 0x0000000100000000)
  eden space 209920K, 0% used [0x00000000d5580000,0x00000000d5580000,0x00000000e2280000)
  from space 20992K, 89% used [0x00000000e2280000,0x00000000e34f0fe0,0x00000000e3700000)
  to   space 23040K, 0% used [0x00000000e6180000,0x00000000e6180000,0x00000000e7800000)
 ParOldGen       total 159232K, used 39960K [0x0000000080000000, 0x0000000089b80000, 0x00000000d5580000)
  object space 159232K, 25% used [0x0000000080000000,0x0000000082706288,0x0000000089b80000)
 Metaspace       used 68458K, capacity 71438K, committed 71640K, reserved 1110016K
  class space    used 9483K, capacity 10125K, committed 10240K, reserved 1048576K
}

Deoptimization events (10 events):
Event: 77.706 Thread 0x0000000019cbe000 Uncommon trap: reason=bimorphic action=maybe_recompile pc=0x00000000037bd0d8 method=java.util.HashMap.removeNode(ILjava/lang/Object;Ljava/lang/Object;ZZ)Ljava/util/HashMap$Node; @ 283
Event: 87.707 Thread 0x0000000019cbe000 Uncommon trap: reason=bimorphic action=maybe_recompile pc=0x00000000037bd0d8 method=java.util.HashMap.removeNode(ILjava/lang/Object;Ljava/lang/Object;ZZ)Ljava/util/HashMap$Node; @ 283
Event: 107.708 Thread 0x0000000019cbe000 Uncommon trap: reason=bimorphic action=maybe_recompile pc=0x00000000037bd0d8 method=java.util.HashMap.removeNode(ILjava/lang/Object;Ljava/lang/Object;ZZ)Ljava/util/HashMap$Node; @ 283
Event: 480.329 Thread 0x000000001a79d800 Uncommon trap: reason=unstable_if action=reinterpret pc=0x0000000004443600 method=org.gradle.cache.internal.DefaultCrossBuildInMemoryCacheFactory$AbstractCrossBuildInMemoryCache.getIfPresent(Ljava/lang/Object;)Ljava/lang/Object; @ 24
Event: 480.345 Thread 0x000000001a79d800 Uncommon trap: reason=unstable_if action=reinterpret pc=0x0000000002f33350 method=org.gradle.internal.logging.sink.OutputEventTransformer.onOutput(Lorg/gradle/internal/logging/events/OutputEvent;)V @ 84
Event: 480.393 Thread 0x000000001a79d800 Uncommon trap: reason=bimorphic action=maybe_recompile pc=0x0000000003723544 method=java.util.Objects.equals(Ljava/lang/Object;Ljava/lang/Object;)Z @ 11
Event: 480.393 Thread 0x000000001a79d800 Uncommon trap: reason=bimorphic action=maybe_recompile pc=0x0000000003723544 method=java.util.Objects.equals(Ljava/lang/Object;Ljava/lang/Object;)Z @ 11
Event: 480.393 Thread 0x000000001a79d800 Uncommon trap: reason=unstable_if action=reinterpret pc=0x00000000044d8e7c method=org.gradle.cache.internal.DefaultCrossBuildInMemoryCacheFactory$AbstractCrossBuildInMemoryCache.getIfPresent(Ljava/lang/Object;)Ljava/lang/Object; @ 24
Event: 480.459 Thread 0x000000001a79d800 Uncommon trap: reason=bimorphic action=maybe_recompile pc=0x0000000003723544 method=java.util.Objects.equals(Ljava/lang/Object;Ljava/lang/Object;)Z @ 11
Event: 480.459 Thread 0x000000001a79d800 Uncommon trap: reason=bimorphic action=maybe_recompile pc=0x0000000003723544 method=java.util.Objects.equals(Ljava/lang/Object;Ljava/lang/Object;)Z @ 11

Classes redefined (0 events):
No events

Internal exceptions (10 events):
Event: 38.336 Thread 0x00000000199ea000 Exception <a 'java/lang/NoSuchMethodError': java.lang.Object.lambda$static$0(Lorg/gradle/internal/snapshot/SnapshotHierarchy$DiffCapturingUpdateFunction;Lorg/gradle/internal/snapshot/SnapshotHierarchy;)Lorg/gradle/internal/snapshot/SnapshotHierarchy;> (0x
Event: 39.377 Thread 0x0000000019837000 Exception <a 'java/lang/NoSuchMethodError': <clinit>> (0x00000000d594a278) thrown at [C:\src\AOSP-openjdk-git\hotspot\src\share\vm\prims\jni.cpp, line 1615]
Event: 39.414 Thread 0x0000000019837000 Exception <a 'java/lang/NoSuchMethodError': <clinit>> (0x00000000df377688) thrown at [C:\src\AOSP-openjdk-git\hotspot\src\share\vm\prims\jni.cpp, line 1615]
Event: 39.416 Thread 0x00000000199ea000 Implicit null exception at 0x00000000043b602c to 0x00000000043b6075
Event: 39.421 Thread 0x0000000019837000 Exception <a 'java/lang/NoSuchMethodError': <clinit>> (0x00000000df389388) thrown at [C:\src\AOSP-openjdk-git\hotspot\src\share\vm\prims\jni.cpp, line 1615]
Event: 480.268 Thread 0x000000001a79f800 Exception <a 'java/lang/NoSuchMethodError': <clinit>> (0x00000000e0ca11d8) thrown at [C:\src\AOSP-openjdk-git\hotspot\src\share\vm\prims\jni.cpp, line 1615]
Event: 480.345 Thread 0x000000001a79d800 Implicit null exception at 0x0000000002f301fb to 0x0000000002f3333d
Event: 480.439 Thread 0x000000001a79f000 Exception <a 'java/lang/NoSuchMethodError': <clinit>> (0x00000000e0d4dc60) thrown at [C:\src\AOSP-openjdk-git\hotspot\src\share\vm\prims\jni.cpp, line 1615]
Event: 480.441 Thread 0x000000001a79f000 Exception <a 'java/lang/NoSuchMethodError': <clinit>> (0x00000000e0d5d068) thrown at [C:\src\AOSP-openjdk-git\hotspot\src\share\vm\prims\jni.cpp, line 1615]
Event: 480.442 Thread 0x000000001a79f000 Exception <a 'java/lang/NoSuchMethodError': <clinit>> (0x00000000e0d60188) thrown at [C:\src\AOSP-openjdk-git\hotspot\src\share\vm\prims\jni.cpp, line 1615]

Events (10 events):
Event: 480.459 Thread 0x000000001a79d800 DEOPT UNPACKING pc=0x0000000002c3557b sp=0x000000001cf7aae0 mode 2
Event: 480.459 Thread 0x000000001a79d800 Uncommon trap: trap_request=0xffffffc6 fr.pc=0x0000000003723544
Event: 480.459 Thread 0x000000001a79d800 DEOPT PACKING pc=0x0000000003723544 sp=0x000000001cf7ab90
Event: 480.459 Thread 0x000000001a79d800 DEOPT UNPACKING pc=0x0000000002c3557b sp=0x000000001cf7ab30 mode 2
Event: 480.463 Executing VM operation: BulkRevokeBias
Event: 480.464 Executing VM operation: BulkRevokeBias done
Event: 480.475 Executing VM operation: RevokeBias
Event: 480.475 Executing VM operation: RevokeBias done
Event: 480.485 Executing VM operation: RevokeBias
Event: 480.485 Executing VM operation: RevokeBias done


Dynamic libraries:
0x00007ff6e7390000 - 0x00007ff6e73c1000 	C:\Program Files\Android\Android Studio\jre\bin\java.exe
0x00007fff61e60000 - 0x00007fff62050000 	C:\WINDOWS\SYSTEM32\ntdll.dll
0x00007fff61c90000 - 0x00007fff61d42000 	C:\WINDOWS\System32\KERNEL32.DLL
0x00007fff5f260000 - 0x00007fff5f505000 	C:\WINDOWS\System32\KERNELBASE.dll
0x00007fff600e0000 - 0x00007fff60183000 	C:\WINDOWS\System32\ADVAPI32.dll
0x00007fff61b90000 - 0x00007fff61c2e000 	C:\WINDOWS\System32\msvcrt.dll
0x00007fff60a40000 - 0x00007fff60ad7000 	C:\WINDOWS\System32\sechost.dll
0x00007fff608b0000 - 0x00007fff609d0000 	C:\WINDOWS\System32\RPCRT4.dll
0x00007fff5ff40000 - 0x00007fff600d4000 	C:\WINDOWS\System32\USER32.dll
0x00007fff5f6a0000 - 0x00007fff5f6c1000 	C:\WINDOWS\System32\win32u.dll
0x00007fff5ff10000 - 0x00007fff5ff36000 	C:\WINDOWS\System32\GDI32.dll
0x00007fff5efc0000 - 0x00007fff5f156000 	C:\WINDOWS\System32\gdi32full.dll
0x00007fff5f510000 - 0x00007fff5f5ae000 	C:\WINDOWS\System32\msvcp_win.dll
0x00007fff5f160000 - 0x00007fff5f25a000 	C:\WINDOWS\System32\ucrtbase.dll
0x00007fff4bc60000 - 0x00007fff4bee4000 	C:\WINDOWS\WinSxS\amd64_microsoft.windows.common-controls_6595b64144ccf1df_6.0.18362.1256_none_9e7e379be45e40e2\COMCTL32.dll
0x00007fff61850000 - 0x00007fff61b86000 	C:\WINDOWS\System32\combase.dll
0x00007fff5f610000 - 0x00007fff5f691000 	C:\WINDOWS\System32\bcryptPrimitives.dll
0x00007fff61580000 - 0x00007fff615ae000 	C:\WINDOWS\System32\IMM32.DLL
0x000000006d4f0000 - 0x000000006d5c2000 	C:\Program Files\Android\Android Studio\jre\jre\bin\msvcr100.dll
0x000000006d5d0000 - 0x000000006de1b000 	C:\Program Files\Android\Android Studio\jre\jre\bin\server\jvm.dll
0x00007fff61770000 - 0x00007fff61778000 	C:\WINDOWS\System32\PSAPI.DLL
0x00007fff5b810000 - 0x00007fff5b834000 	C:\WINDOWS\SYSTEM32\WINMM.dll
0x00007fff5de40000 - 0x00007fff5de4a000 	C:\WINDOWS\SYSTEM32\VERSION.dll
0x00007fff5b660000 - 0x00007fff5b669000 	C:\WINDOWS\SYSTEM32\WSOCK32.dll
0x00007fff609d0000 - 0x00007fff60a3f000 	C:\WINDOWS\System32\WS2_32.dll
0x00007fff5b7e0000 - 0x00007fff5b80d000 	C:\WINDOWS\SYSTEM32\WINMMBASE.dll
0x00007fff5ef50000 - 0x00007fff5ef9a000 	C:\WINDOWS\System32\cfgmgr32.dll
0x00007fff5b650000 - 0x00007fff5b65f000 	C:\Program Files\Android\Android Studio\jre\jre\bin\verify.dll
0x00007fff585d0000 - 0x00007fff585f9000 	C:\Program Files\Android\Android Studio\jre\jre\bin\java.dll
0x00007fff585a0000 - 0x00007fff585b6000 	C:\Program Files\Android\Android Studio\jre\jre\bin\zip.dll
0x00007fff60b60000 - 0x00007fff61247000 	C:\WINDOWS\System32\SHELL32.dll
0x00007fff61250000 - 0x00007fff612f9000 	C:\WINDOWS\System32\shcore.dll
0x00007fff5f6d0000 - 0x00007fff5fe51000 	C:\WINDOWS\System32\windows.storage.dll
0x00007fff5ed30000 - 0x00007fff5ed53000 	C:\WINDOWS\System32\profapi.dll
0x00007fff5ed80000 - 0x00007fff5edca000 	C:\WINDOWS\System32\powrprof.dll
0x00007fff5ed00000 - 0x00007fff5ed10000 	C:\WINDOWS\System32\UMPDC.dll
0x00007fff60b00000 - 0x00007fff60b52000 	C:\WINDOWS\System32\shlwapi.dll
0x00007fff5ed10000 - 0x00007fff5ed21000 	C:\WINDOWS\System32\kernel.appcore.dll
0x00007fff5efa0000 - 0x00007fff5efb7000 	C:\WINDOWS\System32\cryptsp.dll
0x00007fff574b0000 - 0x00007fff574ca000 	C:\Program Files\Android\Android Studio\jre\jre\bin\net.dll
0x00007fff5e4f0000 - 0x00007fff5e557000 	C:\WINDOWS\system32\mswsock.dll
0x00007fff51930000 - 0x00007fff51943000 	C:\Program Files\Android\Android Studio\jre\jre\bin\nio.dll
0x00007fff50320000 - 0x00007fff50347000 	C:\Users\tzeyi\.gradle\native\f6784746aeab05261644944871eae4fe03e0ef1612fff0a4a95f87b438bc6780\windows-amd64\native-platform.dll
0x00007fff5b640000 - 0x00007fff5b64d000 	C:\Program Files\Android\Android Studio\jre\jre\bin\management.dll
0x00007fff5e060000 - 0x00007fff5e093000 	C:\WINDOWS\system32\rsaenh.dll
0x00007fff5ef20000 - 0x00007fff5ef46000 	C:\WINDOWS\System32\bcrypt.dll
0x00007fff5ebe0000 - 0x00007fff5ec05000 	C:\WINDOWS\SYSTEM32\USERENV.dll
0x00007fff5e6c0000 - 0x00007fff5e6cc000 	C:\WINDOWS\SYSTEM32\CRYPTBASE.dll
0x00007fff5e200000 - 0x00007fff5e23a000 	C:\WINDOWS\SYSTEM32\IPHLPAPI.DLL
0x00007fff602d0000 - 0x00007fff602d8000 	C:\WINDOWS\System32\NSI.dll
0x00007fff572c0000 - 0x00007fff572d6000 	C:\WINDOWS\SYSTEM32\dhcpcsvc6.DLL
0x00007fff57e50000 - 0x00007fff57e6c000 	C:\WINDOWS\SYSTEM32\dhcpcsvc.DLL
0x00007fff5e240000 - 0x00007fff5e30b000 	C:\WINDOWS\SYSTEM32\DNSAPI.dll
0x00007fff58890000 - 0x00007fff5889b000 	C:\WINDOWS\SYSTEM32\WINNSI.DLL

VM Arguments:
jvm_args: -Xmx2048m -Dfile.encoding=UTF-8 -Duser.country=MY -Duser.language=en -Duser.variant 
java_command: org.gradle.launcher.daemon.bootstrap.GradleDaemon 6.5
java_class_path (initial): C:\Users\tzeyi\.gradle\wrapper\dists\gradle-6.5-bin\6nifqtx7604sqp1q6g8wikw7p\gradle-6.5\lib\gradle-launcher-6.5.jar
Launcher Type: SUN_STANDARD

Environment Variables:
PATH=C:\Program Files (x86)\Common Files\Oracle\Java\javapath;C:\Program Files\Java\jdk-13.0.2\bin;C:\Program Files\Java\jdk-12.0.1\bin;C:\Program Files\Java\jdk-11.0.1\bin;C:\Gradle\gradle-6.0.1\bin;C:\Program Files\Haskell\bin;C:\Program Files\Haskell Platform\8.6.3\lib\extralibs\bin;C:\Program Files\Haskell Platform\8.6.3\bin;C:\Program Files\Haskell Platform\8.6.3\mingw\bin;C:\Program Files\nodejs\;C:\Users\tzeyi\AppData\Local\Programs\Python\Python38-32;C:\Program Files\MATLAB\R2019b\runtime\win64;C:\Program Files\MATLAB\R2019b\bin;C:\Program Files\Git\cmd;C:\Program Files (x86)\C-Free 5\mingw\bin;C:\xampp\php;C:\WINDOWS\system32;C:\WINDOWS;C:\WINDOWS\System32\Wbem;C:\WINDOWS\System32\WindowsPowerShell\v1.0\;C:\WINDOWS\System32\OpenSSH\;C:\Program Files\dotnet\;C:\Program Files\Microsoft SQL Server\130\Tools\Binn\;C:\Program Files\PuTTY\;C:\ProgramData\ComposerSetup\bin;C:\Program Files\Sublime Text 3;C:\Users\tzeyi\AppData\Local\Android\Sdk\platform-tools;C:\Users\tzeyi\AppData\Local\Programs\Python\Python38-32\Scripts\;C:\Users\tzeyi\AppData\Local\Programs\Python\Python38-32\;C:\Users\tzeyi\AppData\Roaming\cabal\bin;C:\Users\tzeyi\AppData\Roaming\local\bin;C:\Users\tzeyi\AppData\Local\Microsoft\WindowsApps;C:\Users\tzeyi\AppData\Local\GitHubDesktop\bin;C:\Program Files\JetBrains\PyCharm Community Edition 191.6014.12\bin;C:\Program Files\Docker Toolbox;C:\Users\tzeyi\Desktop\XXX;C:\Users\tzeyi\AppData\Local\atom\bin;C:\Users\tzeyi\AppData\Local\hyper\app-3.0.2\resources\bin;C:\Users\tzeyi\AppData\Local\Microsoft\WindowsApps;C:\Users\tzeyi\AppData\Roaming\npm;C:\Program Files\JetBrains\IntelliJ IDEA 2019.3.2\bin;;C:\Users\tzeyi\AppData\Local\Programs\Microsoft VS Code\bin;C:\Users\tzeyi\AppData\Roaming\Composer\vendor\bin
USERNAME=tzeyi
OS=Windows_NT
PROCESSOR_IDENTIFIER=Intel64 Family 6 Model 61 Stepping 4, GenuineIntel



---------------  S Y S T E M  ---------------

OS: Windows 10.0 , 64 bit Build 18362 (10.0.18362.1110)

CPU:total 4 (initial active 4) (2 cores per cpu, 2 threads per core) family 6 model 61 stepping 4, cmov, cx8, fxsr, mmx, sse, sse2, sse3, ssse3, sse4.1, sse4.2, popcnt, avx, avx2, aes, clmul, erms, 3dnowpref, lzcnt, ht, tsc, tscinvbit, bmi1, bmi2, adx

Memory: 4k page, physical 12500528k(2051520k free), swap 38100524k(7444k free)

vm_info: OpenJDK 64-Bit Server VM (25.242-b01) for windows-amd64 JRE (1.8.0_242-release-1644-b01), built by "builder" with MS VC++ 10.0 (VS2010)

time: Fri Dec 25 23:28:53 2020
timezone: Malay Peninsula Standard Time
elapsed time: 480 seconds (0d 0h 8m 0s)

